#
# There is insufficient memory for the Java Runtime Environment to continue.
# Native memory allocation (malloc) failed to allocate 32744 bytes for Chunk::new
# Possible reasons:
#   The system is out of physical RAM or swap space
#   The process is running with CompressedOops enabled, and the Java Heap may be blocking the growth of the native heap
# Possible solutions:
#   Reduce memory load on the system
#   Increase physical memory or swap space
#   Check if swap backing store is full
#   Decrease Java heap size (-Xmx/-Xms)
#   Decrease number of Java threads
#   Decrease Java thread stack sizes (-Xss)
#   Set larger code cache with -XX:ReservedCodeCacheSize=
#   JVM is running with Unscaled Compressed Oops mode in which the Java heap is
#     placed in the first 4GB address space. The Java Heap base address is the
#     maximum limit for the native heap growth. Please use -XX:HeapBaseMinAddress
#     to set the Java Heap base and to place the Java Heap above 4GB virtual address.
# This output file may be truncated or incomplete.
#
#  Out of Memory Error (arena.cpp:184), pid=8288, tid=8484
#
# JRE version: Java(TM) SE Runtime Environment (19.0.1+10) (build 19.0.1+10-21)
# Java VM: Java HotSpot(TM) 64-Bit Server VM (19.0.1+10-21, mixed mode, sharing, tiered, compressed oops, compressed class ptrs, g1 gc, windows-amd64)
# No core dump will be written. Minidumps are not enabled by default on client versions of Windows
#

---------------  S U M M A R Y ------------

Command Line: --enable-native-access=ALL-UNNAMED -Dclassworlds.conf=C:\Users\dines\.m2\wrapper\dists\apache-maven-3.9.11\03d7e36a140982eea48e22c1dcac01d8862b2550b2939e09a0809bbc5182a5bc\bin\m2.conf -Dmaven.home=C:\Users\dines\.m2\wrapper\dists\apache-maven-3.9.11\03d7e36a140982eea48e22c1dcac01d8862b2550b2939e09a0809bbc5182a5bc -Dlibrary.jansi.path=C:\Users\dines\.m2\wrapper\dists\apache-maven-3.9.11\03d7e36a140982eea48e22c1dcac01d8862b2550b2939e09a0809bbc5182a5bc\lib\jansi-native -Dmaven.multiModuleProjectDirectory=D:\OT\otrasFinalBackend-main\production2 org.codehaus.plexus.classworlds.launcher.Launcher clean package -DskipTests

Host: 11th Gen Intel(R) Core(TM) i5-1135G7 @ 2.40GHz, 8 cores, 7G,  Windows 10 , 64 bit Build 19041 (10.0.19041.5915)
Time: Wed Nov 12 12:45:24 2025 India Standard Time elapsed time: 11.740513 seconds (0d 0h 0m 11s)

---------------  T H R E A D  ---------------

Current thread (0x000002078621d100):  JavaThread "C2 CompilerThread2" daemon [_thread_in_native, id=8484, stack(0x000000088f300000,0x000000088f400000)]


Current CompileTask:
C2:  11741 7963       4       lombok.core.AST::buildWithField (21 bytes)

Stack: [0x000000088f300000,0x000000088f400000]
Native frames: (J=compiled Java code, j=interpreted, Vv=VM code, C=native code)
V  [jvm.dll+0x6ee8fa]
V  [jvm.dll+0x857a1e]
V  [jvm.dll+0x85940e]
V  [jvm.dll+0x859ac3]
V  [jvm.dll+0x28291f]
V  [jvm.dll+0xc9b5f]
V  [jvm.dll+0xc9ee5]
V  [jvm.dll+0x3c1d25]
V  [jvm.dll+0x3bcbde]
V  [jvm.dll+0x386201]
V  [jvm.dll+0x38567a]
V  [jvm.dll+0x24c2c9]
V  [jvm.dll+0x24b671]
V  [jvm.dll+0x1d6d61]
V  [jvm.dll+0x25b0fa]
V  [jvm.dll+0x259588]
V  [jvm.dll+0x807928]
V  [jvm.dll+0x8015fa]
V  [jvm.dll+0x6ed5eb]
C  [ucrtbase.dll+0x21bb2]
C  [KERNEL32.DLL+0x17374]
C  [ntdll.dll+0x4cc91]


---------------  P R O C E S S  ---------------

Threads class SMR info:
_java_thread_list=0x000002078d069430, length=15, elements={
0x00000207e5b45630, 0x00000207861e8e20, 0x00000207861e9b00, 0x00000207861ed360,
0x000002078620eee0, 0x0000020786211910, 0x0000020786212450, 0x0000020786215430,
0x000002078621c5e0, 0x000002078a408ab0, 0x000002078a538d10, 0x000002078a5397b0,
0x000002078a539d00, 0x0000020786219ef0, 0x000002078621d100
}

Java Threads: ( => current thread )
  0x00000207e5b45630 JavaThread "main" [_thread_in_Java, id=20888, stack(0x000000088df00000,0x000000088e000000)]
  0x00000207861e8e20 JavaThread "Reference Handler" daemon [_thread_blocked, id=10908, stack(0x000000088e600000,0x000000088e700000)]
  0x00000207861e9b00 JavaThread "Finalizer" daemon [_thread_blocked, id=7156, stack(0x000000088e700000,0x000000088e800000)]
  0x00000207861ed360 JavaThread "Signal Dispatcher" daemon [_thread_blocked, id=18112, stack(0x000000088e800000,0x000000088e900000)]
  0x000002078620eee0 JavaThread "Attach Listener" daemon [_thread_blocked, id=11044, stack(0x000000088e900000,0x000000088ea00000)]
  0x0000020786211910 JavaThread "Service Thread" daemon [_thread_blocked, id=11284, stack(0x000000088ea00000,0x000000088eb00000)]
  0x0000020786212450 JavaThread "Monitor Deflation Thread" daemon [_thread_blocked, id=17392, stack(0x000000088eb00000,0x000000088ec00000)]
  0x0000020786215430 JavaThread "C2 CompilerThread0" daemon [_thread_in_native, id=16220, stack(0x000000088ec00000,0x000000088ed00000)]
  0x000002078621c5e0 JavaThread "C1 CompilerThread0" daemon [_thread_in_native, id=20356, stack(0x000000088ed00000,0x000000088ee00000)]
  0x000002078a408ab0 JavaThread "Sweeper thread" daemon [_thread_blocked, id=12800, stack(0x000000088ee00000,0x000000088ef00000)]
  0x000002078a538d10 JavaThread "Notification Thread" daemon [_thread_blocked, id=15072, stack(0x000000088ef00000,0x000000088f000000)]
  0x000002078a5397b0 JavaThread "Common-Cleaner" daemon [_thread_blocked, id=23028, stack(0x000000088f100000,0x000000088f200000)]
  0x000002078a539d00 JavaThread "Thread-1" daemon [_thread_blocked, id=9408, stack(0x000000088fb00000,0x000000088fc00000)]
  0x0000020786219ef0 JavaThread "C2 CompilerThread1" daemon [_thread_in_native, id=12408, stack(0x000000088f200000,0x000000088f300000)]
=>0x000002078621d100 JavaThread "C2 CompilerThread2" daemon [_thread_in_native, id=8484, stack(0x000000088f300000,0x000000088f400000)]

Other Threads:
  0x00000207861ce630 VMThread "VM Thread" [stack: 0x000000088e500000,0x000000088e600000] [id=25164]
  0x000002078a541160 WatcherThread "VM Periodic Task Thread" [stack: 0x000000088f000000,0x000000088f100000] [id=11300]
  0x00000207e5ba4a10 WorkerThread "GC Thread#0" [stack: 0x000000088e000000,0x000000088e100000] [id=14856]
  0x000002078b6a7790 WorkerThread "GC Thread#1" [stack: 0x000000088f400000,0x000000088f500000] [id=22864]
  0x000002078b0888c0 WorkerThread "GC Thread#2" [stack: 0x000000088f500000,0x000000088f600000] [id=23964]
  0x000002078b03e400 WorkerThread "GC Thread#3" [stack: 0x000000088f600000,0x000000088f700000] [id=12236]
  0x000002078b03ec70 WorkerThread "GC Thread#4" [stack: 0x000000088f700000,0x000000088f800000] [id=23660]
  0x000002078b03ef40 WorkerThread "GC Thread#5" [stack: 0x000000088f800000,0x000000088f900000] [id=3572]
  0x000002078b03f210 WorkerThread "GC Thread#6" [stack: 0x000000088f900000,0x000000088fa00000] [id=17076]
  0x000002078b03f4e0 WorkerThread "GC Thread#7" [stack: 0x000000088fa00000,0x000000088fb00000] [id=26308]
  0x00000207e5bb5030 ConcurrentGCThread "G1 Main Marker" [stack: 0x000000088e100000,0x000000088e200000] [id=27144]
  0x00000207e5bb5960 WorkerThread "G1 Conc#0" [stack: 0x000000088e200000,0x000000088e300000] [id=16888]
  0x000002078c4f7fd0 WorkerThread "G1 Conc#1" [stack: 0x000000088fc00000,0x000000088fd00000] [id=22792]
  0x00000207860895f0 ConcurrentGCThread "G1 Refine#0" [stack: 0x000000088e300000,0x000000088e400000] [id=22292]
  0x0000020786089f40 ConcurrentGCThread "G1 Service" [stack: 0x000000088e400000,0x000000088e500000] [id=12296]

Threads with active compile tasks:
C2 CompilerThread0    11778 7974   !   4       lombok.core.AST::buildWithField0 (121 bytes)
C1 CompilerThread0    11778 8241       2       lombok.javac.JavacTreeMaker::getFromCache (86 bytes)
C2 CompilerThread1    11778 7998   !   4       lombok.javac.JavacAST::drill (146 bytes)
C2 CompilerThread2    11778 7963       4       lombok.core.AST::buildWithField (21 bytes)

VM state: not at safepoint (normal execution)

VM Mutex/Monitor currently owned by a thread: None

Heap address: 0x0000000084200000, size: 1982 MB, Compressed Oops mode: 32-bit

CDS archive(s) mapped at: [0x0000000800000000-0x0000000800c40000-0x0000000800c40000), size 12845056, SharedBaseAddress: 0x0000000800000000, ArchiveRelocationMode: 0.
Compressed class space mapped at: 0x0000000801000000-0x0000000841000000, reserved size: 1073741824
Narrow klass base: 0x0000000800000000, Narrow klass shift: 0, Narrow klass range: 0x100000000

GC Precious Log:
 CardTable entry size: 512
 Card Set container configuration: InlinePtr #cards 5 size 8 Array Of Cards #cards 12 size 40 Howl #buckets 4 coarsen threshold 1843 Howl Bitmap #cards 512 size 80 coarsen threshold 460 Card regions per heap region 1 cards per card region 2048
 CPUs: 8 total, 8 available
 Memory: 7926M
 Large Page Support: Disabled
 NUMA Support: Disabled
 Compressed Oops: Enabled (32-bit)
 Heap Region Size: 1M
 Heap Min Capacity: 8M
 Heap Initial Capacity: 124M
 Heap Max Capacity: 1982M
 Pre-touch: Disabled
 Parallel Workers: 8
 Concurrent Workers: 2
 Concurrent Refinement Workers: 8
 Periodic GC: Disabled

Heap:
 garbage-first heap   total 281600K, used 147008K [0x0000000084200000, 0x0000000100000000)
  region size 1024K, 97 young (99328K), 5 survivors (5120K)
 Metaspace       used 30343K, committed 30848K, reserved 1114112K
  class space    used 3273K, committed 3520K, reserved 1048576K

Heap Regions: E=young(eden), S=young(survivor), O=old, HS=humongous(starts), HC=humongous(continues), CS=collection set, F=free, OA=open archive, CA=closed archive, TAMS=top-at-mark-start (previous, next)
|   0|0x0000000084200000, 0x0000000084300000, 0x0000000084300000|100%| O|  |TAMS 0x0000000084300000, 0x0000000084200000| Untracked 
|   1|0x0000000084300000, 0x0000000084400000, 0x0000000084400000|100%| O|  |TAMS 0x0000000084400000, 0x0000000084300000| Untracked 
|   2|0x0000000084400000, 0x0000000084500000, 0x0000000084500000|100%| O|  |TAMS 0x0000000084500000, 0x0000000084400000| Untracked 
|   3|0x0000000084500000, 0x0000000084600000, 0x0000000084600000|100%| O|  |TAMS 0x0000000084600000, 0x0000000084500000| Untracked 
|   4|0x0000000084600000, 0x0000000084700000, 0x0000000084700000|100%| O|  |TAMS 0x0000000084700000, 0x0000000084600000| Untracked 
|   5|0x0000000084700000, 0x0000000084800000, 0x0000000084800000|100%| O|  |TAMS 0x0000000084800000, 0x0000000084700000| Untracked 
|   6|0x0000000084800000, 0x0000000084900000, 0x0000000084900000|100%| O|  |TAMS 0x0000000084900000, 0x0000000084800000| Untracked 
|   7|0x0000000084900000, 0x0000000084a00000, 0x0000000084a00000|100%| O|  |TAMS 0x0000000084a00000, 0x0000000084900000| Untracked 
|   8|0x0000000084a00000, 0x0000000084b00000, 0x0000000084b00000|100%| O|  |TAMS 0x0000000084b00000, 0x0000000084a00000| Untracked 
|   9|0x0000000084b00000, 0x0000000084c00000, 0x0000000084c00000|100%| O|  |TAMS 0x0000000084c00000, 0x0000000084b00000| Untracked 
|  10|0x0000000084c00000, 0x0000000084d00000, 0x0000000084d00000|100%| O|  |TAMS 0x0000000084d00000, 0x0000000084c00000| Untracked 
|  11|0x0000000084d00000, 0x0000000084e00000, 0x0000000084e00000|100%| O|  |TAMS 0x0000000084e00000, 0x0000000084d00000| Untracked 
|  12|0x0000000084e00000, 0x0000000084f00000, 0x0000000084f00000|100%| O|  |TAMS 0x0000000084f00000, 0x0000000084e00000| Untracked 
|  13|0x0000000084f00000, 0x0000000085000000, 0x0000000085000000|100%| O|  |TAMS 0x0000000085000000, 0x0000000084f00000| Untracked 
|  14|0x0000000085000000, 0x0000000085100000, 0x0000000085100000|100%| O|  |TAMS 0x0000000085100000, 0x0000000085000000| Untracked 
|  15|0x0000000085100000, 0x0000000085200000, 0x0000000085200000|100%| O|  |TAMS 0x0000000085100000, 0x0000000085100000| Untracked 
|  16|0x0000000085200000, 0x0000000085300000, 0x0000000085300000|100%|HS|  |TAMS 0x0000000085200000, 0x0000000085200000| Complete 
|  17|0x0000000085300000, 0x0000000085400000, 0x0000000085400000|100%|HS|  |TAMS 0x0000000085300000, 0x0000000085300000| Complete 
|  18|0x0000000085400000, 0x0000000085500000, 0x0000000085500000|100%| O|  |TAMS 0x0000000085400000, 0x0000000085400000| Untracked 
|  19|0x0000000085500000, 0x0000000085600000, 0x0000000085600000|100%| O|  |TAMS 0x0000000085500000, 0x0000000085500000| Untracked 
|  20|0x0000000085600000, 0x0000000085700000, 0x0000000085700000|100%|HS|  |TAMS 0x0000000085700000, 0x0000000085600000| Complete 
|  21|0x0000000085700000, 0x0000000085800000, 0x0000000085800000|100%|HC|  |TAMS 0x0000000085800000, 0x0000000085700000| Complete 
|  22|0x0000000085800000, 0x0000000085900000, 0x0000000085900000|100%| O|  |TAMS 0x0000000085800000, 0x0000000085800000| Untracked 
|  23|0x0000000085900000, 0x0000000085a00000, 0x0000000085a00000|100%| O|  |TAMS 0x0000000085900000, 0x0000000085900000| Untracked 
|  24|0x0000000085a00000, 0x0000000085b00000, 0x0000000085b00000|100%| O|  |TAMS 0x0000000085a00000, 0x0000000085a00000| Untracked 
|  25|0x0000000085b00000, 0x0000000085c00000, 0x0000000085c00000|100%| O|  |TAMS 0x0000000085b00000, 0x0000000085b00000| Untracked 
|  26|0x0000000085c00000, 0x0000000085d00000, 0x0000000085d00000|100%| O|  |TAMS 0x0000000085c00000, 0x0000000085c00000| Untracked 
|  27|0x0000000085d00000, 0x0000000085e00000, 0x0000000085e00000|100%| O|  |TAMS 0x0000000085d00000, 0x0000000085d00000| Untracked 
|  28|0x0000000085e00000, 0x0000000085f00000, 0x0000000085f00000|100%| O|  |TAMS 0x0000000085e00000, 0x0000000085e00000| Untracked 
|  29|0x0000000085f00000, 0x0000000086000000, 0x0000000086000000|100%| O|  |TAMS 0x0000000085f00000, 0x0000000085f00000| Untracked 
|  30|0x0000000086000000, 0x0000000086100000, 0x0000000086100000|100%| O|  |TAMS 0x0000000086000000, 0x0000000086000000| Untracked 
|  31|0x0000000086100000, 0x0000000086200000, 0x0000000086200000|100%| O|  |TAMS 0x0000000086100000, 0x0000000086100000| Untracked 
|  32|0x0000000086200000, 0x0000000086300000, 0x0000000086300000|100%| O|  |TAMS 0x0000000086200000, 0x0000000086200000| Untracked 
|  33|0x0000000086300000, 0x0000000086400000, 0x0000000086400000|100%| O|  |TAMS 0x0000000086300000, 0x0000000086300000| Untracked 
|  34|0x0000000086400000, 0x0000000086500000, 0x0000000086500000|100%| O|  |TAMS 0x0000000086400000, 0x0000000086400000| Untracked 
|  35|0x0000000086500000, 0x0000000086600000, 0x0000000086600000|100%| O|  |TAMS 0x0000000086500000, 0x0000000086500000| Untracked 
|  36|0x0000000086600000, 0x0000000086690200, 0x0000000086700000| 56%| O|  |TAMS 0x0000000086600000, 0x0000000086600000| Untracked 
|  37|0x0000000086700000, 0x0000000086700000, 0x0000000086800000|  0%| F|  |TAMS 0x0000000086700000, 0x0000000086700000| Untracked 
|  38|0x0000000086800000, 0x0000000086800000, 0x0000000086900000|  0%| F|  |TAMS 0x0000000086800000, 0x0000000086800000| Untracked 
|  39|0x0000000086900000, 0x0000000086900000, 0x0000000086a00000|  0%| F|  |TAMS 0x0000000086900000, 0x0000000086900000| Untracked 
|  40|0x0000000086a00000, 0x0000000086a00000, 0x0000000086b00000|  0%| F|  |TAMS 0x0000000086a00000, 0x0000000086a00000| Untracked 
|  41|0x0000000086b00000, 0x0000000086b00000, 0x0000000086c00000|  0%| F|  |TAMS 0x0000000086b00000, 0x0000000086b00000| Untracked 
|  42|0x0000000086c00000, 0x0000000086c00000, 0x0000000086d00000|  0%| F|  |TAMS 0x0000000086c00000, 0x0000000086c00000| Untracked 
|  43|0x0000000086d00000, 0x0000000086e00000, 0x0000000086e00000|100%| O|  |TAMS 0x0000000086d00000, 0x0000000086d00000| Untracked 
|  44|0x0000000086e00000, 0x0000000086f00000, 0x0000000086f00000|100%| O|  |TAMS 0x0000000086e00000, 0x0000000086e00000| Untracked 
|  45|0x0000000086f00000, 0x0000000087000000, 0x0000000087000000|100%| O|  |TAMS 0x0000000086f00000, 0x0000000086f00000| Untracked 
|  46|0x0000000087000000, 0x0000000087100000, 0x0000000087100000|100%| O|  |TAMS 0x0000000087000000, 0x0000000087000000| Untracked 
|  47|0x0000000087100000, 0x0000000087200000, 0x0000000087200000|100%| O|  |TAMS 0x0000000087100000, 0x0000000087100000| Untracked 
|  48|0x0000000087200000, 0x0000000087300000, 0x0000000087300000|100%| O|  |TAMS 0x0000000087200000, 0x0000000087200000| Untracked 
|  49|0x0000000087300000, 0x0000000087400000, 0x0000000087400000|100%| O|  |TAMS 0x0000000087300000, 0x0000000087300000| Untracked 
|  50|0x0000000087400000, 0x0000000087400000, 0x0000000087500000|  0%| F|  |TAMS 0x0000000087400000, 0x0000000087400000| Untracked 
|  51|0x0000000087500000, 0x0000000087500000, 0x0000000087600000|  0%| F|  |TAMS 0x0000000087500000, 0x0000000087500000| Untracked 
|  52|0x0000000087600000, 0x0000000087600000, 0x0000000087700000|  0%| F|  |TAMS 0x0000000087600000, 0x0000000087600000| Untracked 
|  53|0x0000000087700000, 0x0000000087700000, 0x0000000087800000|  0%| F|  |TAMS 0x0000000087700000, 0x0000000087700000| Untracked 
|  54|0x0000000087800000, 0x0000000087800000, 0x0000000087900000|  0%| F|  |TAMS 0x0000000087800000, 0x0000000087800000| Untracked 
|  55|0x0000000087900000, 0x0000000087900000, 0x0000000087a00000|  0%| F|  |TAMS 0x0000000087900000, 0x0000000087900000| Untracked 
|  56|0x0000000087a00000, 0x0000000087a00000, 0x0000000087b00000|  0%| F|  |TAMS 0x0000000087a00000, 0x0000000087a00000| Untracked 
|  57|0x0000000087b00000, 0x0000000087b00000, 0x0000000087c00000|  0%| F|  |TAMS 0x0000000087b00000, 0x0000000087b00000| Untracked 
|  58|0x0000000087c00000, 0x0000000087c00000, 0x0000000087d00000|  0%| F|  |TAMS 0x0000000087c00000, 0x0000000087c00000| Untracked 
|  59|0x0000000087d00000, 0x0000000087d00000, 0x0000000087e00000|  0%| F|  |TAMS 0x0000000087d00000, 0x0000000087d00000| Untracked 
|  60|0x0000000087e00000, 0x0000000087e00000, 0x0000000087f00000|  0%| F|  |TAMS 0x0000000087e00000, 0x0000000087e00000| Untracked 
|  61|0x0000000087f00000, 0x0000000087f00000, 0x0000000088000000|  0%| F|  |TAMS 0x0000000087f00000, 0x0000000087f00000| Untracked 
|  62|0x0000000088000000, 0x0000000088000000, 0x0000000088100000|  0%| F|  |TAMS 0x0000000088000000, 0x0000000088000000| Untracked 
|  63|0x0000000088100000, 0x0000000088100000, 0x0000000088200000|  0%| F|  |TAMS 0x0000000088100000, 0x0000000088100000| Untracked 
|  64|0x0000000088200000, 0x0000000088200000, 0x0000000088300000|  0%| F|  |TAMS 0x0000000088200000, 0x0000000088200000| Untracked 
|  65|0x0000000088300000, 0x0000000088300000, 0x0000000088400000|  0%| F|  |TAMS 0x0000000088300000, 0x0000000088300000| Untracked 
|  66|0x0000000088400000, 0x0000000088500000, 0x0000000088500000|100%| S|CS|TAMS 0x0000000088400000, 0x0000000088400000| Complete 
|  67|0x0000000088500000, 0x0000000088600000, 0x0000000088600000|100%| S|CS|TAMS 0x0000000088500000, 0x0000000088500000| Complete 
|  68|0x0000000088600000, 0x0000000088700000, 0x0000000088700000|100%| S|CS|TAMS 0x0000000088600000, 0x0000000088600000| Complete 
|  69|0x0000000088700000, 0x0000000088800000, 0x0000000088800000|100%| S|CS|TAMS 0x0000000088700000, 0x0000000088700000| Complete 
|  70|0x0000000088800000, 0x0000000088900000, 0x0000000088900000|100%| S|CS|TAMS 0x0000000088800000, 0x0000000088800000| Complete 
|  71|0x0000000088900000, 0x0000000088900000, 0x0000000088a00000|  0%| F|  |TAMS 0x0000000088900000, 0x0000000088900000| Untracked 
|  72|0x0000000088a00000, 0x0000000088a00000, 0x0000000088b00000|  0%| F|  |TAMS 0x0000000088a00000, 0x0000000088a00000| Untracked 
|  73|0x0000000088b00000, 0x0000000088b00000, 0x0000000088c00000|  0%| F|  |TAMS 0x0000000088b00000, 0x0000000088b00000| Untracked 
|  74|0x0000000088c00000, 0x0000000088c00000, 0x0000000088d00000|  0%| F|  |TAMS 0x0000000088c00000, 0x0000000088c00000| Untracked 
|  75|0x0000000088d00000, 0x0000000088d00000, 0x0000000088e00000|  0%| F|  |TAMS 0x0000000088d00000, 0x0000000088d00000| Untracked 
|  76|0x0000000088e00000, 0x0000000088e00000, 0x0000000088f00000|  0%| F|  |TAMS 0x0000000088e00000, 0x0000000088e00000| Untracked 
|  77|0x0000000088f00000, 0x0000000088f00000, 0x0000000089000000|  0%| F|  |TAMS 0x0000000088f00000, 0x0000000088f00000| Untracked 
|  78|0x0000000089000000, 0x0000000089000000, 0x0000000089100000|  0%| F|  |TAMS 0x0000000089000000, 0x0000000089000000| Untracked 
|  79|0x0000000089100000, 0x0000000089100000, 0x0000000089200000|  0%| F|  |TAMS 0x0000000089100000, 0x0000000089100000| Untracked 
|  80|0x0000000089200000, 0x0000000089200000, 0x0000000089300000|  0%| F|  |TAMS 0x0000000089200000, 0x0000000089200000| Untracked 
|  81|0x0000000089300000, 0x0000000089300000, 0x0000000089400000|  0%| F|  |TAMS 0x0000000089300000, 0x0000000089300000| Untracked 
|  82|0x0000000089400000, 0x0000000089400000, 0x0000000089500000|  0%| F|  |TAMS 0x0000000089400000, 0x0000000089400000| Untracked 
|  83|0x0000000089500000, 0x0000000089500000, 0x0000000089600000|  0%| F|  |TAMS 0x0000000089500000, 0x0000000089500000| Untracked 
|  84|0x0000000089600000, 0x0000000089600000, 0x0000000089700000|  0%| F|  |TAMS 0x0000000089600000, 0x0000000089600000| Untracked 
|  85|0x0000000089700000, 0x0000000089700000, 0x0000000089800000|  0%| F|  |TAMS 0x0000000089700000, 0x0000000089700000| Untracked 
|  86|0x0000000089800000, 0x0000000089800000, 0x0000000089900000|  0%| F|  |TAMS 0x0000000089800000, 0x0000000089800000| Untracked 
|  87|0x0000000089900000, 0x0000000089900000, 0x0000000089a00000|  0%| F|  |TAMS 0x0000000089900000, 0x0000000089900000| Untracked 
|  88|0x0000000089a00000, 0x0000000089a00000, 0x0000000089b00000|  0%| F|  |TAMS 0x0000000089a00000, 0x0000000089a00000| Untracked 
|  89|0x0000000089b00000, 0x0000000089b00000, 0x0000000089c00000|  0%| F|  |TAMS 0x0000000089b00000, 0x0000000089b00000| Untracked 
|  90|0x0000000089c00000, 0x0000000089c00000, 0x0000000089d00000|  0%| F|  |TAMS 0x0000000089c00000, 0x0000000089c00000| Untracked 
|  91|0x0000000089d00000, 0x0000000089d00000, 0x0000000089e00000|  0%| F|  |TAMS 0x0000000089d00000, 0x0000000089d00000| Untracked 
|  92|0x0000000089e00000, 0x0000000089e00000, 0x0000000089f00000|  0%| F|  |TAMS 0x0000000089e00000, 0x0000000089e00000| Untracked 
|  93|0x0000000089f00000, 0x0000000089f00000, 0x000000008a000000|  0%| F|  |TAMS 0x0000000089f00000, 0x0000000089f00000| Untracked 
|  94|0x000000008a000000, 0x000000008a000000, 0x000000008a100000|  0%| F|  |TAMS 0x000000008a000000, 0x000000008a000000| Untracked 
|  95|0x000000008a100000, 0x000000008a100000, 0x000000008a200000|  0%| F|  |TAMS 0x000000008a100000, 0x000000008a100000| Untracked 
|  96|0x000000008a200000, 0x000000008a200000, 0x000000008a300000|  0%| F|  |TAMS 0x000000008a200000, 0x000000008a200000| Untracked 
|  97|0x000000008a300000, 0x000000008a300000, 0x000000008a400000|  0%| F|  |TAMS 0x000000008a300000, 0x000000008a300000| Untracked 
|  98|0x000000008a400000, 0x000000008a400000, 0x000000008a500000|  0%| F|  |TAMS 0x000000008a400000, 0x000000008a400000| Untracked 
|  99|0x000000008a500000, 0x000000008a500000, 0x000000008a600000|  0%| F|  |TAMS 0x000000008a500000, 0x000000008a500000| Untracked 
| 100|0x000000008a600000, 0x000000008a600000, 0x000000008a700000|  0%| F|  |TAMS 0x000000008a600000, 0x000000008a600000| Untracked 
| 101|0x000000008a700000, 0x000000008a700000, 0x000000008a800000|  0%| F|  |TAMS 0x000000008a700000, 0x000000008a700000| Untracked 
| 102|0x000000008a800000, 0x000000008a800000, 0x000000008a900000|  0%| F|  |TAMS 0x000000008a800000, 0x000000008a800000| Untracked 
| 103|0x000000008a900000, 0x000000008a900000, 0x000000008aa00000|  0%| F|  |TAMS 0x000000008a900000, 0x000000008a900000| Untracked 
| 104|0x000000008aa00000, 0x000000008aa00000, 0x000000008ab00000|  0%| F|  |TAMS 0x000000008aa00000, 0x000000008aa00000| Untracked 
| 105|0x000000008ab00000, 0x000000008ab00000, 0x000000008ac00000|  0%| F|  |TAMS 0x000000008ab00000, 0x000000008ab00000| Untracked 
| 106|0x000000008ac00000, 0x000000008ac00000, 0x000000008ad00000|  0%| F|  |TAMS 0x000000008ac00000, 0x000000008ac00000| Untracked 
| 107|0x000000008ad00000, 0x000000008ad00000, 0x000000008ae00000|  0%| F|  |TAMS 0x000000008ad00000, 0x000000008ad00000| Untracked 
| 108|0x000000008ae00000, 0x000000008ae00000, 0x000000008af00000|  0%| F|  |TAMS 0x000000008ae00000, 0x000000008ae00000| Untracked 
| 109|0x000000008af00000, 0x000000008af00000, 0x000000008b000000|  0%| F|  |TAMS 0x000000008af00000, 0x000000008af00000| Untracked 
| 110|0x000000008b000000, 0x000000008b000000, 0x000000008b100000|  0%| F|  |TAMS 0x000000008b000000, 0x000000008b000000| Untracked 
| 111|0x000000008b100000, 0x000000008b100000, 0x000000008b200000|  0%| F|  |TAMS 0x000000008b100000, 0x000000008b100000| Untracked 
| 112|0x000000008b200000, 0x000000008b200000, 0x000000008b300000|  0%| F|  |TAMS 0x000000008b200000, 0x000000008b200000| Untracked 
| 113|0x000000008b300000, 0x000000008b300000, 0x000000008b400000|  0%| F|  |TAMS 0x000000008b300000, 0x000000008b300000| Untracked 
| 114|0x000000008b400000, 0x000000008b400000, 0x000000008b500000|  0%| F|  |TAMS 0x000000008b400000, 0x000000008b400000| Untracked 
| 115|0x000000008b500000, 0x000000008b500000, 0x000000008b600000|  0%| F|  |TAMS 0x000000008b500000, 0x000000008b500000| Untracked 
| 116|0x000000008b600000, 0x000000008b600000, 0x000000008b700000|  0%| F|  |TAMS 0x000000008b600000, 0x000000008b600000| Untracked 
| 117|0x000000008b700000, 0x000000008b700000, 0x000000008b800000|  0%| F|  |TAMS 0x000000008b700000, 0x000000008b700000| Untracked 
| 118|0x000000008b800000, 0x000000008b800000, 0x000000008b900000|  0%| F|  |TAMS 0x000000008b800000, 0x000000008b800000| Untracked 
| 119|0x000000008b900000, 0x000000008b900000, 0x000000008ba00000|  0%| F|  |TAMS 0x000000008b900000, 0x000000008b900000| Untracked 
| 120|0x000000008ba00000, 0x000000008ba00000, 0x000000008bb00000|  0%| F|  |TAMS 0x000000008ba00000, 0x000000008ba00000| Untracked 
| 121|0x000000008bb00000, 0x000000008bb00000, 0x000000008bc00000|  0%| F|  |TAMS 0x000000008bb00000, 0x000000008bb00000| Untracked 
| 122|0x000000008bc00000, 0x000000008bc00000, 0x000000008bd00000|  0%| F|  |TAMS 0x000000008bc00000, 0x000000008bc00000| Untracked 
| 123|0x000000008bd00000, 0x000000008bd00000, 0x000000008be00000|  0%| F|  |TAMS 0x000000008bd00000, 0x000000008bd00000| Untracked 
| 124|0x000000008be00000, 0x000000008be00000, 0x000000008bf00000|  0%| F|  |TAMS 0x000000008be00000, 0x000000008be00000| Untracked 
| 125|0x000000008bf00000, 0x000000008bf00000, 0x000000008c000000|  0%| F|  |TAMS 0x000000008bf00000, 0x000000008bf00000| Untracked 
| 126|0x000000008c000000, 0x000000008c000000, 0x000000008c100000|  0%| F|  |TAMS 0x000000008c000000, 0x000000008c000000| Untracked 
| 127|0x000000008c100000, 0x000000008c100000, 0x000000008c200000|  0%| F|  |TAMS 0x000000008c100000, 0x000000008c100000| Untracked 
| 128|0x000000008c200000, 0x000000008c200000, 0x000000008c300000|  0%| F|  |TAMS 0x000000008c200000, 0x000000008c200000| Untracked 
| 129|0x000000008c300000, 0x000000008c300000, 0x000000008c400000|  0%| F|  |TAMS 0x000000008c300000, 0x000000008c300000| Untracked 
| 130|0x000000008c400000, 0x000000008c400000, 0x000000008c500000|  0%| F|  |TAMS 0x000000008c400000, 0x000000008c400000| Untracked 
| 131|0x000000008c500000, 0x000000008c500000, 0x000000008c600000|  0%| F|  |TAMS 0x000000008c500000, 0x000000008c500000| Untracked 
| 132|0x000000008c600000, 0x000000008c600000, 0x000000008c700000|  0%| F|  |TAMS 0x000000008c600000, 0x000000008c600000| Untracked 
| 133|0x000000008c700000, 0x000000008c700000, 0x000000008c800000|  0%| F|  |TAMS 0x000000008c700000, 0x000000008c700000| Untracked 
| 134|0x000000008c800000, 0x000000008c800000, 0x000000008c900000|  0%| F|  |TAMS 0x000000008c800000, 0x000000008c800000| Untracked 
| 135|0x000000008c900000, 0x000000008c900000, 0x000000008ca00000|  0%| F|  |TAMS 0x000000008c900000, 0x000000008c900000| Untracked 
| 136|0x000000008ca00000, 0x000000008ca00000, 0x000000008cb00000|  0%| F|  |TAMS 0x000000008ca00000, 0x000000008ca00000| Untracked 
| 137|0x000000008cb00000, 0x000000008cb00000, 0x000000008cc00000|  0%| F|  |TAMS 0x000000008cb00000, 0x000000008cb00000| Untracked 
| 138|0x000000008cc00000, 0x000000008cc00000, 0x000000008cd00000|  0%| F|  |TAMS 0x000000008cc00000, 0x000000008cc00000| Untracked 
| 139|0x000000008cd00000, 0x000000008cd00000, 0x000000008ce00000|  0%| F|  |TAMS 0x000000008cd00000, 0x000000008cd00000| Untracked 
| 140|0x000000008ce00000, 0x000000008ce00000, 0x000000008cf00000|  0%| F|  |TAMS 0x000000008ce00000, 0x000000008ce00000| Untracked 
| 141|0x000000008cf00000, 0x000000008cf00000, 0x000000008d000000|  0%| F|  |TAMS 0x000000008cf00000, 0x000000008cf00000| Untracked 
| 142|0x000000008d000000, 0x000000008d000000, 0x000000008d100000|  0%| F|  |TAMS 0x000000008d000000, 0x000000008d000000| Untracked 
| 143|0x000000008d100000, 0x000000008d100000, 0x000000008d200000|  0%| F|  |TAMS 0x000000008d100000, 0x000000008d100000| Untracked 
| 144|0x000000008d200000, 0x000000008d200000, 0x000000008d300000|  0%| F|  |TAMS 0x000000008d200000, 0x000000008d200000| Untracked 
| 145|0x000000008d300000, 0x000000008d300000, 0x000000008d400000|  0%| F|  |TAMS 0x000000008d300000, 0x000000008d300000| Untracked 
| 146|0x000000008d400000, 0x000000008d400000, 0x000000008d500000|  0%| F|  |TAMS 0x000000008d400000, 0x000000008d400000| Untracked 
| 147|0x000000008d500000, 0x000000008d500000, 0x000000008d600000|  0%| F|  |TAMS 0x000000008d500000, 0x000000008d500000| Untracked 
| 148|0x000000008d600000, 0x000000008d600000, 0x000000008d700000|  0%| F|  |TAMS 0x000000008d600000, 0x000000008d600000| Untracked 
| 149|0x000000008d700000, 0x000000008d700000, 0x000000008d800000|  0%| F|  |TAMS 0x000000008d700000, 0x000000008d700000| Untracked 
| 150|0x000000008d800000, 0x000000008d800000, 0x000000008d900000|  0%| F|  |TAMS 0x000000008d800000, 0x000000008d800000| Untracked 
| 151|0x000000008d900000, 0x000000008d900000, 0x000000008da00000|  0%| F|  |TAMS 0x000000008d900000, 0x000000008d900000| Untracked 
| 152|0x000000008da00000, 0x000000008da00000, 0x000000008db00000|  0%| F|  |TAMS 0x000000008da00000, 0x000000008da00000| Untracked 
| 153|0x000000008db00000, 0x000000008db00000, 0x000000008dc00000|  0%| F|  |TAMS 0x000000008db00000, 0x000000008db00000| Untracked 
| 154|0x000000008dc00000, 0x000000008dc00000, 0x000000008dd00000|  0%| F|  |TAMS 0x000000008dc00000, 0x000000008dc00000| Untracked 
| 155|0x000000008dd00000, 0x000000008dd00000, 0x000000008de00000|  0%| F|  |TAMS 0x000000008dd00000, 0x000000008dd00000| Untracked 
| 156|0x000000008de00000, 0x000000008de00000, 0x000000008df00000|  0%| F|  |TAMS 0x000000008de00000, 0x000000008de00000| Untracked 
| 157|0x000000008df00000, 0x000000008df00000, 0x000000008e000000|  0%| F|  |TAMS 0x000000008df00000, 0x000000008df00000| Untracked 
| 158|0x000000008e000000, 0x000000008e000000, 0x000000008e100000|  0%| F|  |TAMS 0x000000008e000000, 0x000000008e000000| Untracked 
| 159|0x000000008e100000, 0x000000008e100000, 0x000000008e200000|  0%| F|  |TAMS 0x000000008e100000, 0x000000008e100000| Untracked 
| 160|0x000000008e200000, 0x000000008e200000, 0x000000008e300000|  0%| F|  |TAMS 0x000000008e200000, 0x000000008e200000| Untracked 
| 161|0x000000008e300000, 0x000000008e300000, 0x000000008e400000|  0%| F|  |TAMS 0x000000008e300000, 0x000000008e300000| Untracked 
| 162|0x000000008e400000, 0x000000008e400000, 0x000000008e500000|  0%| F|  |TAMS 0x000000008e400000, 0x000000008e400000| Untracked 
| 163|0x000000008e500000, 0x000000008e500000, 0x000000008e600000|  0%| F|  |TAMS 0x000000008e500000, 0x000000008e500000| Untracked 
| 164|0x000000008e600000, 0x000000008e600000, 0x000000008e700000|  0%| F|  |TAMS 0x000000008e600000, 0x000000008e600000| Untracked 
| 165|0x000000008e700000, 0x000000008e700000, 0x000000008e800000|  0%| F|  |TAMS 0x000000008e700000, 0x000000008e700000| Untracked 
| 166|0x000000008e800000, 0x000000008e800000, 0x000000008e900000|  0%| F|  |TAMS 0x000000008e800000, 0x000000008e800000| Untracked 
| 167|0x000000008e900000, 0x000000008e900000, 0x000000008ea00000|  0%| F|  |TAMS 0x000000008e900000, 0x000000008e900000| Untracked 
| 168|0x000000008ea00000, 0x000000008ea00000, 0x000000008eb00000|  0%| F|  |TAMS 0x000000008ea00000, 0x000000008ea00000| Untracked 
| 169|0x000000008eb00000, 0x000000008eb00000, 0x000000008ec00000|  0%| F|  |TAMS 0x000000008eb00000, 0x000000008eb00000| Untracked 
| 170|0x000000008ec00000, 0x000000008ec00000, 0x000000008ed00000|  0%| F|  |TAMS 0x000000008ec00000, 0x000000008ec00000| Untracked 
| 171|0x000000008ed00000, 0x000000008ed00000, 0x000000008ee00000|  0%| F|  |TAMS 0x000000008ed00000, 0x000000008ed00000| Untracked 
| 172|0x000000008ee00000, 0x000000008ee00000, 0x000000008ef00000|  0%| F|  |TAMS 0x000000008ee00000, 0x000000008ee00000| Untracked 
| 173|0x000000008ef00000, 0x000000008ef00000, 0x000000008f000000|  0%| F|  |TAMS 0x000000008ef00000, 0x000000008ef00000| Untracked 
| 174|0x000000008f000000, 0x000000008f000000, 0x000000008f100000|  0%| F|  |TAMS 0x000000008f000000, 0x000000008f000000| Untracked 
| 175|0x000000008f100000, 0x000000008f100000, 0x000000008f200000|  0%| F|  |TAMS 0x000000008f100000, 0x000000008f100000| Untracked 
| 176|0x000000008f200000, 0x000000008f200000, 0x000000008f300000|  0%| F|  |TAMS 0x000000008f200000, 0x000000008f200000| Untracked 
| 177|0x000000008f300000, 0x000000008f300000, 0x000000008f400000|  0%| F|  |TAMS 0x000000008f300000, 0x000000008f300000| Untracked 
| 178|0x000000008f400000, 0x000000008f500000, 0x000000008f500000|100%| E|  |TAMS 0x000000008f400000, 0x000000008f400000| Complete 
| 179|0x000000008f500000, 0x000000008f600000, 0x000000008f600000|100%| E|CS|TAMS 0x000000008f500000, 0x000000008f500000| Complete 
| 180|0x000000008f600000, 0x000000008f700000, 0x000000008f700000|100%| E|CS|TAMS 0x000000008f600000, 0x000000008f600000| Complete 
| 181|0x000000008f700000, 0x000000008f800000, 0x000000008f800000|100%| E|CS|TAMS 0x000000008f700000, 0x000000008f700000| Complete 
| 182|0x000000008f800000, 0x000000008f900000, 0x000000008f900000|100%| E|CS|TAMS 0x000000008f800000, 0x000000008f800000| Complete 
| 183|0x000000008f900000, 0x000000008fa00000, 0x000000008fa00000|100%| E|CS|TAMS 0x000000008f900000, 0x000000008f900000| Complete 
| 184|0x000000008fa00000, 0x000000008fb00000, 0x000000008fb00000|100%| E|CS|TAMS 0x000000008fa00000, 0x000000008fa00000| Complete 
| 185|0x000000008fb00000, 0x000000008fc00000, 0x000000008fc00000|100%| E|CS|TAMS 0x000000008fb00000, 0x000000008fb00000| Complete 
| 186|0x000000008fc00000, 0x000000008fd00000, 0x000000008fd00000|100%| E|CS|TAMS 0x000000008fc00000, 0x000000008fc00000| Complete 
| 187|0x000000008fd00000, 0x000000008fe00000, 0x000000008fe00000|100%| E|CS|TAMS 0x000000008fd00000, 0x000000008fd00000| Complete 
| 188|0x000000008fe00000, 0x000000008ff00000, 0x000000008ff00000|100%| E|CS|TAMS 0x000000008fe00000, 0x000000008fe00000| Complete 
| 189|0x000000008ff00000, 0x0000000090000000, 0x0000000090000000|100%| E|CS|TAMS 0x000000008ff00000, 0x000000008ff00000| Complete 
| 190|0x0000000090000000, 0x0000000090100000, 0x0000000090100000|100%| E|CS|TAMS 0x0000000090000000, 0x0000000090000000| Complete 
| 191|0x0000000090100000, 0x0000000090200000, 0x0000000090200000|100%| E|CS|TAMS 0x0000000090100000, 0x0000000090100000| Complete 
| 192|0x0000000090200000, 0x0000000090300000, 0x0000000090300000|100%| E|CS|TAMS 0x0000000090200000, 0x0000000090200000| Complete 
| 193|0x0000000090300000, 0x0000000090400000, 0x0000000090400000|100%| E|CS|TAMS 0x0000000090300000, 0x0000000090300000| Complete 
| 194|0x0000000090400000, 0x0000000090500000, 0x0000000090500000|100%| E|CS|TAMS 0x0000000090400000, 0x0000000090400000| Complete 
| 195|0x0000000090500000, 0x0000000090600000, 0x0000000090600000|100%| E|CS|TAMS 0x0000000090500000, 0x0000000090500000| Complete 
| 196|0x0000000090600000, 0x0000000090700000, 0x0000000090700000|100%| E|CS|TAMS 0x0000000090600000, 0x0000000090600000| Complete 
| 197|0x0000000090700000, 0x0000000090800000, 0x0000000090800000|100%| E|CS|TAMS 0x0000000090700000, 0x0000000090700000| Complete 
| 198|0x0000000090800000, 0x0000000090900000, 0x0000000090900000|100%| E|CS|TAMS 0x0000000090800000, 0x0000000090800000| Complete 
| 199|0x0000000090900000, 0x0000000090a00000, 0x0000000090a00000|100%| E|CS|TAMS 0x0000000090900000, 0x0000000090900000| Complete 
| 200|0x0000000090a00000, 0x0000000090b00000, 0x0000000090b00000|100%| E|CS|TAMS 0x0000000090a00000, 0x0000000090a00000| Complete 
| 201|0x0000000090b00000, 0x0000000090c00000, 0x0000000090c00000|100%| E|CS|TAMS 0x0000000090b00000, 0x0000000090b00000| Complete 
| 202|0x0000000090c00000, 0x0000000090d00000, 0x0000000090d00000|100%| E|CS|TAMS 0x0000000090c00000, 0x0000000090c00000| Complete 
| 203|0x0000000090d00000, 0x0000000090e00000, 0x0000000090e00000|100%| E|CS|TAMS 0x0000000090d00000, 0x0000000090d00000| Complete 
| 204|0x0000000090e00000, 0x0000000090f00000, 0x0000000090f00000|100%| E|CS|TAMS 0x0000000090e00000, 0x0000000090e00000| Complete 
| 205|0x0000000090f00000, 0x0000000091000000, 0x0000000091000000|100%| E|CS|TAMS 0x0000000090f00000, 0x0000000090f00000| Complete 
| 206|0x0000000091000000, 0x0000000091100000, 0x0000000091100000|100%| E|CS|TAMS 0x0000000091000000, 0x0000000091000000| Complete 
| 207|0x0000000091100000, 0x0000000091200000, 0x0000000091200000|100%| E|CS|TAMS 0x0000000091100000, 0x0000000091100000| Complete 
| 208|0x0000000091200000, 0x0000000091300000, 0x0000000091300000|100%| E|CS|TAMS 0x0000000091200000, 0x0000000091200000| Complete 
| 209|0x0000000091300000, 0x0000000091400000, 0x0000000091400000|100%| E|CS|TAMS 0x0000000091300000, 0x0000000091300000| Complete 
| 210|0x0000000091400000, 0x0000000091500000, 0x0000000091500000|100%| E|CS|TAMS 0x0000000091400000, 0x0000000091400000| Complete 
| 211|0x0000000091500000, 0x0000000091600000, 0x0000000091600000|100%| E|CS|TAMS 0x0000000091500000, 0x0000000091500000| Complete 
| 212|0x0000000091600000, 0x0000000091700000, 0x0000000091700000|100%| E|CS|TAMS 0x0000000091600000, 0x0000000091600000| Complete 
| 213|0x0000000091700000, 0x0000000091800000, 0x0000000091800000|100%| E|CS|TAMS 0x0000000091700000, 0x0000000091700000| Complete 
| 214|0x0000000091800000, 0x0000000091900000, 0x0000000091900000|100%| E|CS|TAMS 0x0000000091800000, 0x0000000091800000| Complete 
| 215|0x0000000091900000, 0x0000000091a00000, 0x0000000091a00000|100%| E|CS|TAMS 0x0000000091900000, 0x0000000091900000| Complete 
| 216|0x0000000091a00000, 0x0000000091b00000, 0x0000000091b00000|100%| E|CS|TAMS 0x0000000091a00000, 0x0000000091a00000| Complete 
| 217|0x0000000091b00000, 0x0000000091c00000, 0x0000000091c00000|100%| E|CS|TAMS 0x0000000091b00000, 0x0000000091b00000| Complete 
| 218|0x0000000091c00000, 0x0000000091d00000, 0x0000000091d00000|100%| E|CS|TAMS 0x0000000091c00000, 0x0000000091c00000| Complete 
| 219|0x0000000091d00000, 0x0000000091e00000, 0x0000000091e00000|100%| E|  |TAMS 0x0000000091d00000, 0x0000000091d00000| Complete 
| 220|0x0000000091e00000, 0x0000000091f00000, 0x0000000091f00000|100%| E|CS|TAMS 0x0000000091e00000, 0x0000000091e00000| Complete 
| 221|0x0000000091f00000, 0x0000000092000000, 0x0000000092000000|100%| E|CS|TAMS 0x0000000091f00000, 0x0000000091f00000| Complete 
| 222|0x0000000092000000, 0x0000000092100000, 0x0000000092100000|100%| E|CS|TAMS 0x0000000092000000, 0x0000000092000000| Complete 
| 223|0x0000000092100000, 0x0000000092200000, 0x0000000092200000|100%| E|CS|TAMS 0x0000000092100000, 0x0000000092100000| Complete 
| 224|0x0000000092200000, 0x0000000092300000, 0x0000000092300000|100%| E|CS|TAMS 0x0000000092200000, 0x0000000092200000| Complete 
| 225|0x0000000092300000, 0x0000000092400000, 0x0000000092400000|100%| E|CS|TAMS 0x0000000092300000, 0x0000000092300000| Complete 
| 226|0x0000000092400000, 0x0000000092500000, 0x0000000092500000|100%| E|CS|TAMS 0x0000000092400000, 0x0000000092400000| Complete 
| 227|0x0000000092500000, 0x0000000092600000, 0x0000000092600000|100%| E|CS|TAMS 0x0000000092500000, 0x0000000092500000| Complete 
| 228|0x0000000092600000, 0x0000000092700000, 0x0000000092700000|100%| E|CS|TAMS 0x0000000092600000, 0x0000000092600000| Complete 
| 229|0x0000000092700000, 0x0000000092800000, 0x0000000092800000|100%| E|CS|TAMS 0x0000000092700000, 0x0000000092700000| Complete 
| 230|0x0000000092800000, 0x0000000092900000, 0x0000000092900000|100%| E|CS|TAMS 0x0000000092800000, 0x0000000092800000| Complete 
| 231|0x0000000092900000, 0x0000000092a00000, 0x0000000092a00000|100%| E|CS|TAMS 0x0000000092900000, 0x0000000092900000| Complete 
| 232|0x0000000092a00000, 0x0000000092b00000, 0x0000000092b00000|100%| E|CS|TAMS 0x0000000092a00000, 0x0000000092a00000| Complete 
| 233|0x0000000092b00000, 0x0000000092c00000, 0x0000000092c00000|100%| E|CS|TAMS 0x0000000092b00000, 0x0000000092b00000| Complete 
| 234|0x0000000092c00000, 0x0000000092d00000, 0x0000000092d00000|100%| E|CS|TAMS 0x0000000092c00000, 0x0000000092c00000| Complete 
| 235|0x0000000092d00000, 0x0000000092e00000, 0x0000000092e00000|100%| E|CS|TAMS 0x0000000092d00000, 0x0000000092d00000| Complete 
| 236|0x0000000092e00000, 0x0000000092f00000, 0x0000000092f00000|100%| E|CS|TAMS 0x0000000092e00000, 0x0000000092e00000| Complete 
| 237|0x0000000092f00000, 0x0000000093000000, 0x0000000093000000|100%| E|CS|TAMS 0x0000000092f00000, 0x0000000092f00000| Complete 
| 238|0x0000000093000000, 0x0000000093100000, 0x0000000093100000|100%| E|CS|TAMS 0x0000000093000000, 0x0000000093000000| Complete 
| 239|0x0000000093100000, 0x0000000093200000, 0x0000000093200000|100%| E|CS|TAMS 0x0000000093100000, 0x0000000093100000| Complete 
| 240|0x0000000093200000, 0x0000000093300000, 0x0000000093300000|100%| E|CS|TAMS 0x0000000093200000, 0x0000000093200000| Complete 
| 241|0x0000000093300000, 0x0000000093400000, 0x0000000093400000|100%| E|CS|TAMS 0x0000000093300000, 0x0000000093300000| Complete 
| 242|0x0000000093400000, 0x0000000093500000, 0x0000000093500000|100%| E|CS|TAMS 0x0000000093400000, 0x0000000093400000| Complete 
| 243|0x0000000093500000, 0x0000000093600000, 0x0000000093600000|100%| E|CS|TAMS 0x0000000093500000, 0x0000000093500000| Complete 
| 244|0x0000000093600000, 0x0000000093700000, 0x0000000093700000|100%| E|CS|TAMS 0x0000000093600000, 0x0000000093600000| Complete 
| 245|0x0000000093700000, 0x0000000093800000, 0x0000000093800000|100%| E|CS|TAMS 0x0000000093700000, 0x0000000093700000| Complete 
| 246|0x0000000093800000, 0x0000000093900000, 0x0000000093900000|100%| E|CS|TAMS 0x0000000093800000, 0x0000000093800000| Complete 
| 247|0x0000000093900000, 0x0000000093a00000, 0x0000000093a00000|100%| E|CS|TAMS 0x0000000093900000, 0x0000000093900000| Complete 
| 248|0x0000000093a00000, 0x0000000093b00000, 0x0000000093b00000|100%| E|CS|TAMS 0x0000000093a00000, 0x0000000093a00000| Complete 
| 249|0x0000000093b00000, 0x0000000093c00000, 0x0000000093c00000|100%| E|CS|TAMS 0x0000000093b00000, 0x0000000093b00000| Complete 
| 250|0x0000000093c00000, 0x0000000093d00000, 0x0000000093d00000|100%| E|CS|TAMS 0x0000000093c00000, 0x0000000093c00000| Complete 
| 251|0x0000000093d00000, 0x0000000093e00000, 0x0000000093e00000|100%| E|CS|TAMS 0x0000000093d00000, 0x0000000093d00000| Complete 
| 252|0x0000000093e00000, 0x0000000093f00000, 0x0000000093f00000|100%| E|CS|TAMS 0x0000000093e00000, 0x0000000093e00000| Complete 
| 253|0x0000000093f00000, 0x0000000094000000, 0x0000000094000000|100%| E|CS|TAMS 0x0000000093f00000, 0x0000000093f00000| Complete 
| 254|0x0000000094000000, 0x0000000094100000, 0x0000000094100000|100%| E|CS|TAMS 0x0000000094000000, 0x0000000094000000| Complete 
| 255|0x0000000094100000, 0x0000000094200000, 0x0000000094200000|100%| E|CS|TAMS 0x0000000094100000, 0x0000000094100000| Complete 
| 256|0x0000000094200000, 0x0000000094300000, 0x0000000094300000|100%| E|CS|TAMS 0x0000000094200000, 0x0000000094200000| Complete 
| 257|0x0000000094300000, 0x0000000094400000, 0x0000000094400000|100%| E|CS|TAMS 0x0000000094300000, 0x0000000094300000| Complete 
| 258|0x0000000094400000, 0x0000000094500000, 0x0000000094500000|100%| E|CS|TAMS 0x0000000094400000, 0x0000000094400000| Complete 
| 259|0x0000000094500000, 0x0000000094600000, 0x0000000094600000|100%| E|CS|TAMS 0x0000000094500000, 0x0000000094500000| Complete 
| 260|0x0000000094600000, 0x0000000094700000, 0x0000000094700000|100%| E|CS|TAMS 0x0000000094600000, 0x0000000094600000| Complete 
| 261|0x0000000094700000, 0x0000000094800000, 0x0000000094800000|100%| E|CS|TAMS 0x0000000094700000, 0x0000000094700000| Complete 
| 262|0x0000000094800000, 0x0000000094900000, 0x0000000094900000|100%| E|CS|TAMS 0x0000000094800000, 0x0000000094800000| Complete 
| 263|0x0000000094900000, 0x0000000094a00000, 0x0000000094a00000|100%| E|CS|TAMS 0x0000000094900000, 0x0000000094900000| Complete 
| 264|0x0000000094a00000, 0x0000000094b00000, 0x0000000094b00000|100%| E|CS|TAMS 0x0000000094a00000, 0x0000000094a00000| Complete 
| 265|0x0000000094b00000, 0x0000000094c00000, 0x0000000094c00000|100%| E|CS|TAMS 0x0000000094b00000, 0x0000000094b00000| Complete 
| 266|0x0000000094c00000, 0x0000000094d00000, 0x0000000094d00000|100%| E|CS|TAMS 0x0000000094c00000, 0x0000000094c00000| Complete 
| 267|0x0000000094d00000, 0x0000000094e00000, 0x0000000094e00000|100%| E|CS|TAMS 0x0000000094d00000, 0x0000000094d00000| Complete 
| 268|0x0000000094e00000, 0x0000000094f00000, 0x0000000094f00000|100%| E|CS|TAMS 0x0000000094e00000, 0x0000000094e00000| Complete 
| 269|0x0000000094f00000, 0x0000000095000000, 0x0000000095000000|100%| E|CS|TAMS 0x0000000094f00000, 0x0000000094f00000| Complete 
|1977|0x00000000ffb00000, 0x00000000ffc00000, 0x00000000ffc00000|100%| O|  |TAMS 0x00000000ffb00000, 0x00000000ffb00000| Untracked 
|1978|0x00000000ffc00000, 0x00000000ffd00000, 0x00000000ffd00000|100%| O|  |TAMS 0x00000000ffc00000, 0x00000000ffc00000| Untracked 
|1979|0x00000000ffd00000, 0x00000000ffe00000, 0x00000000ffe00000|100%| O|  |TAMS 0x00000000ffd00000, 0x00000000ffd00000| Untracked 
|1980|0x00000000ffe00000, 0x00000000fff00000, 0x00000000fff00000|100%| O|  |TAMS 0x00000000ffe00000, 0x00000000ffe00000| Untracked 
|1981|0x00000000fff00000, 0x0000000100000000, 0x0000000100000000|100%| O|  |TAMS 0x00000000fff00000, 0x00000000fff00000| Untracked 

Card table byte_map: [0x00000207ff110000,0x00000207ff4f0000] _byte_map_base: 0x00000207fecef000

Marking Bits (Prev, Next): (CMBitMap*) 0x00000207e5ba4f80, (CMBitMap*) 0x00000207e5ba4f40
 Prev Bits: [0x0000020781f00000, 0x0000020783df8000)
 Next Bits: [0x0000020780000000, 0x0000020781ef8000)

Polling page: 0x00000207e5c10000

Metaspace:

Usage:
  Non-class:     26.44 MB used.
      Class:      3.20 MB used.
       Both:     29.63 MB used.

Virtual space:
  Non-class space:       64.00 MB reserved,      26.69 MB ( 42%) committed,  1 nodes.
      Class space:        1.00 GB reserved,       3.44 MB ( <1%) committed,  1 nodes.
             Both:        1.06 GB reserved,      30.12 MB (  3%) committed. 

Chunk freelists:
   Non-Class:  1.36 MB
       Class:  546.00 KB
        Both:  1.89 MB

MaxMetaspaceSize: unlimited
CompressedClassSpaceSize: 1.00 GB
Initial GC threshold: 21.00 MB
Current GC threshold: 35.94 MB
CDS: on
MetaspaceReclaimPolicy: balanced
 - commit_granule_bytes: 65536.
 - commit_granule_words: 8192.
 - virtual_space_node_default_size: 8388608.
 - enlarge_chunks_in_place: 1.
 - new_chunks_are_fully_committed: 0.
 - uncommit_free_chunks: 1.
 - use_allocation_guard: 0.


Internal statistics:

num_allocs_failed_limit: 6.
num_arena_births: 462.
num_arena_deaths: 0.
num_vsnodes_births: 2.
num_vsnodes_deaths: 0.
num_space_committed: 482.
num_space_uncommitted: 0.
num_chunks_returned_to_freelist: 6.
num_chunks_taken_from_freelist: 1577.
num_chunk_merges: 6.
num_chunk_splits: 1115.
num_chunks_enlarged: 847.
num_inconsistent_stats: 0.

CodeHeap 'non-profiled nmethods': size=120000Kb used=4289Kb max_used=4992Kb free=115711Kb
 bounds [0x00000207f6d90000, 0x00000207f7280000, 0x00000207fe2c0000]
CodeHeap 'profiled nmethods': size=120000Kb used=14580Kb max_used=16343Kb free=105419Kb
 bounds [0x00000207ef2c0000, 0x00000207f02c0000, 0x00000207f67f0000]
CodeHeap 'non-nmethods': size=5760Kb used=1329Kb max_used=1368Kb free=4430Kb
 bounds [0x00000207f67f0000, 0x00000207f6a60000, 0x00000207f6d90000]
 total_blobs=7195 nmethods=6657 adapters=448
 compilation: enabled
              stopped_count=0, restarted_count=0
 full_count=0

Compilation events (20 events):
Event: 11.712 Thread 0x000002078621c5e0 8183   !   2       com.sun.tools.javac.comp.Annotate::attributeAnnotationValue (508 bytes)
Event: 11.714 Thread 0x000002078621c5e0 nmethod 8183 0x00000207ef369190 code [0x00000207ef3695e0, 0x00000207ef36aa58]
Event: 11.714 Thread 0x000002078621c5e0 8184       2       java.lang.invoke.DirectMethodHandle$Holder::getReference (28 bytes)
Event: 11.715 Thread 0x000002078621c5e0 nmethod 8184 0x00000207ef750510 code [0x00000207ef7506c0, 0x00000207ef750908]
Event: 11.715 Thread 0x000002078621c5e0 8185   !   2       lombok.core.FieldAugment$MapFieldAugment::get (25 bytes)
Event: 11.715 Thread 0x000002078621c5e0 nmethod 8185 0x00000207ef631d90 code [0x00000207ef631f60, 0x00000207ef632258]
Event: 11.715 Thread 0x000002078621c5e0 8186       2       lombok.core.FieldAugment$MapFieldAugment::read (24 bytes)
Event: 11.715 Thread 0x000002078621c5e0 nmethod 8186 0x00000207ef5a5b10 code [0x00000207ef5a5cc0, 0x00000207ef5a5e08]
Event: 11.716 Thread 0x000002078621c5e0 8189       2       java.lang.invoke.LambdaForm::methodType (48 bytes)
Event: 11.717 Thread 0x000002078621c5e0 nmethod 8189 0x00000207ef8a8310 code [0x00000207ef8a84e0, 0x00000207ef8a88b8]
Event: 11.717 Thread 0x000002078621c5e0 8188   !   2       java.lang.invoke.LambdaForm::compileToBytecode (164 bytes)
Event: 11.717 Thread 0x000002078621c5e0 nmethod 8188 0x00000207ef2c7610 code [0x00000207ef2c7820, 0x00000207ef2c7d38]
Event: 11.719 Thread 0x000002078621c5e0 8190       2       lombok.core.FieldAugment$MapWeakFieldAugment::read (56 bytes)
Event: 11.719 Thread 0x000002078621c5e0 nmethod 8190 0x00000207ef77da90 code [0x00000207ef77dc60, 0x00000207ef77ded8]
Event: 11.719 Thread 0x000002078621c5e0 8191       2       lombok.javac.JavacNode::getContext (8 bytes)
Event: 11.719 Thread 0x000002078621c5e0 nmethod 8191 0x00000207ef68a390 code [0x00000207ef68a520, 0x00000207ef68a638]
Event: 11.719 Thread 0x000002078621c5e0 8192       2       com.sun.tools.javac.code.Type$ClassType::constType (28 bytes)
Event: 11.720 Thread 0x000002078621c5e0 nmethod 8192 0x00000207ef827f10 code [0x00000207ef8280c0, 0x00000207ef828298]
Event: 11.720 Thread 0x000002078621c5e0 8193       2       com.sun.tools.javac.code.Type$ClassType$2::<init> (17 bytes)
Event: 11.720 Thread 0x000002078621c5e0 nmethod 8193 0x00000207ef676f10 code [0x00000207ef6770c0, 0x00000207ef677228]

GC Heap History (20 events):
Event: 1.578 GC heap before
{Heap before GC invocations=1 (full 0):
 garbage-first heap   total 126976K, used 34384K [0x0000000084200000, 0x0000000100000000)
  region size 1024K, 33 young (33792K), 3 survivors (3072K)
 Metaspace       used 9405K, committed 9664K, reserved 1114112K
  class space    used 1094K, committed 1216K, reserved 1048576K
}
Event: 1.586 GC heap after
{Heap after GC invocations=2 (full 0):
 garbage-first heap   total 126976K, used 5188K [0x0000000084200000, 0x0000000100000000)
  region size 1024K, 2 young (2048K), 2 survivors (2048K)
 Metaspace       used 9405K, committed 9664K, reserved 1114112K
  class space    used 1094K, committed 1216K, reserved 1048576K
}
Event: 3.388 GC heap before
{Heap before GC invocations=2 (full 0):
 garbage-first heap   total 126976K, used 78916K [0x0000000084200000, 0x0000000100000000)
  region size 1024K, 74 young (75776K), 2 survivors (2048K)
 Metaspace       used 15838K, committed 16128K, reserved 1114112K
  class space    used 1811K, committed 1920K, reserved 1048576K
}
Event: 3.407 GC heap after
{Heap after GC invocations=3 (full 0):
 garbage-first heap   total 126976K, used 13021K [0x0000000084200000, 0x0000000100000000)
  region size 1024K, 10 young (10240K), 10 survivors (10240K)
 Metaspace       used 15838K, committed 16128K, reserved 1114112K
  class space    used 1811K, committed 1920K, reserved 1048576K
}
Event: 4.465 GC heap before
{Heap before GC invocations=3 (full 0):
 garbage-first heap   total 126976K, used 78557K [0x0000000084200000, 0x0000000100000000)
  region size 1024K, 74 young (75776K), 10 survivors (10240K)
 Metaspace       used 16441K, committed 16640K, reserved 1114112K
  class space    used 1819K, committed 1920K, reserved 1048576K
}
Event: 4.487 GC heap after
{Heap after GC invocations=4 (full 0):
 garbage-first heap   total 126976K, used 16454K [0x0000000084200000, 0x0000000100000000)
  region size 1024K, 4 young (4096K), 4 survivors (4096K)
 Metaspace       used 16441K, committed 16640K, reserved 1114112K
  class space    used 1819K, committed 1920K, reserved 1048576K
}
Event: 5.055 GC heap before
{Heap before GC invocations=4 (full 0):
 garbage-first heap   total 126976K, used 88134K [0x0000000084200000, 0x0000000100000000)
  region size 1024K, 74 young (75776K), 4 survivors (4096K)
 Metaspace       used 16619K, committed 16896K, reserved 1114112K
  class space    used 1820K, committed 1920K, reserved 1048576K
}
Event: 5.063 GC heap after
{Heap after GC invocations=5 (full 0):
 garbage-first heap   total 152576K, used 16759K [0x0000000084200000, 0x0000000100000000)
  region size 1024K, 4 young (4096K), 4 survivors (4096K)
 Metaspace       used 16619K, committed 16896K, reserved 1114112K
  class space    used 1820K, committed 1920K, reserved 1048576K
}
Event: 5.886 GC heap before
{Heap before GC invocations=5 (full 0):
 garbage-first heap   total 152576K, used 103799K [0x0000000084200000, 0x0000000100000000)
  region size 1024K, 89 young (91136K), 4 survivors (4096K)
 Metaspace       used 16799K, committed 17024K, reserved 1114112K
  class space    used 1821K, committed 1920K, reserved 1048576K
}
Event: 5.894 GC heap after
{Heap after GC invocations=6 (full 0):
 garbage-first heap   total 152576K, used 19266K [0x0000000084200000, 0x0000000100000000)
  region size 1024K, 7 young (7168K), 7 survivors (7168K)
 Metaspace       used 16799K, committed 17024K, reserved 1114112K
  class space    used 1821K, committed 1920K, reserved 1048576K
}
Event: 6.504 GC heap before
{Heap before GC invocations=6 (full 0):
 garbage-first heap   total 152576K, used 103234K [0x0000000084200000, 0x0000000100000000)
  region size 1024K, 89 young (91136K), 7 survivors (7168K)
 Metaspace       used 16894K, committed 17152K, reserved 1114112K
  class space    used 1828K, committed 1920K, reserved 1048576K
}
Event: 6.514 GC heap after
{Heap after GC invocations=7 (full 0):
 garbage-first heap   total 152576K, used 20654K [0x0000000084200000, 0x0000000100000000)
  region size 1024K, 5 young (5120K), 5 survivors (5120K)
 Metaspace       used 16894K, committed 17152K, reserved 1114112K
  class space    used 1828K, committed 1920K, reserved 1048576K
}
Event: 8.550 GC heap before
{Heap before GC invocations=7 (full 0):
 garbage-first heap   total 152576K, used 85166K [0x0000000084200000, 0x0000000100000000)
  region size 1024K, 63 young (64512K), 5 survivors (5120K)
 Metaspace       used 21200K, committed 21504K, reserved 1114112K
  class space    used 2300K, committed 2432K, reserved 1048576K
}
Event: 8.563 GC heap after
{Heap after GC invocations=8 (full 0):
 garbage-first heap   total 152576K, used 30515K [0x0000000084200000, 0x0000000100000000)
  region size 1024K, 11 young (11264K), 11 survivors (11264K)
 Metaspace       used 21200K, committed 21504K, reserved 1114112K
  class space    used 2300K, committed 2432K, reserved 1048576K
}
Event: 9.758 GC heap before
{Heap before GC invocations=9 (full 0):
 garbage-first heap   total 109568K, used 86835K [0x0000000084200000, 0x0000000100000000)
  region size 1024K, 64 young (65536K), 11 survivors (11264K)
 Metaspace       used 26740K, committed 27072K, reserved 1114112K
  class space    used 2917K, committed 3072K, reserved 1048576K
}
Event: 9.797 GC heap after
{Heap after GC invocations=10 (full 0):
 garbage-first heap   total 114688K, used 46254K [0x0000000084200000, 0x0000000100000000)
  region size 1024K, 8 young (8192K), 8 survivors (8192K)
 Metaspace       used 26740K, committed 27072K, reserved 1114112K
  class space    used 2917K, committed 3072K, reserved 1048576K
}
Event: 9.801 GC heap before
{Heap before GC invocations=10 (full 0):
 garbage-first heap   total 114688K, used 47278K [0x0000000084200000, 0x0000000100000000)
  region size 1024K, 9 young (9216K), 8 survivors (8192K)
 Metaspace       used 26740K, committed 27072K, reserved 1114112K
  class space    used 2917K, committed 3072K, reserved 1048576K
}
Event: 9.813 GC heap after
{Heap after GC invocations=11 (full 0):
 garbage-first heap   total 114688K, used 48128K [0x0000000084200000, 0x0000000100000000)
  region size 1024K, 2 young (2048K), 2 survivors (2048K)
 Metaspace       used 26740K, committed 27072K, reserved 1114112K
  class space    used 2917K, committed 3072K, reserved 1048576K
}
Event: 10.339 GC heap before
{Heap before GC invocations=11 (full 0):
 garbage-first heap   total 114688K, used 82944K [0x0000000084200000, 0x0000000100000000)
  region size 1024K, 36 young (36864K), 2 survivors (2048K)
 Metaspace       used 27530K, committed 27904K, reserved 1114112K
  class space    used 2976K, committed 3136K, reserved 1048576K
}
Event: 10.355 GC heap after
{Heap after GC invocations=12 (full 0):
 garbage-first heap   total 281600K, used 54848K [0x0000000084200000, 0x0000000100000000)
  region size 1024K, 5 young (5120K), 5 survivors (5120K)
 Metaspace       used 27530K, committed 27904K, reserved 1114112K
  class space    used 2976K, committed 3136K, reserved 1048576K
}

Dll operation events (8 events):
Event: 0.007 Loaded shared library C:\Program Files\Java\jdk-19\bin\java.dll
Event: 0.022 Loaded shared library C:\Program Files\Java\jdk-19\bin\jsvml.dll
Event: 0.082 Loaded shared library C:\Program Files\Java\jdk-19\bin\net.dll
Event: 0.084 Loaded shared library C:\Program Files\Java\jdk-19\bin\nio.dll
Event: 0.093 Loaded shared library C:\Program Files\Java\jdk-19\bin\zip.dll
Event: 0.388 Loaded shared library C:\Program Files\Java\jdk-19\bin\jimage.dll
Event: 0.389 Loaded shared library C:\Users\dines\.m2\wrapper\dists\apache-maven-3.9.11\03d7e36a140982eea48e22c1dcac01d8862b2550b2939e09a0809bbc5182a5bc\lib\jansi-native\Windows\x86_64\jansi.dll
Event: 0.419 Loaded shared library C:\Program Files\Java\jdk-19\bin\verify.dll

Deoptimization events (20 events):
Event: 11.664 Thread 0x00000207e5b45630 Uncommon trap: trap_request=0xffffffde fr.pc=0x00000207f7214640 relative=0x0000000000000e00
Event: 11.664 Thread 0x00000207e5b45630 Uncommon trap: reason=class_check action=maybe_recompile pc=0x00000207f7214640 method=com.sun.tools.javac.code.DeferredCompletionFailureHandler.classSymbolRemoved(Lcom/sun/tools/javac/code/Symbol$ClassSymbol;)V @ 5 c2
Event: 11.664 Thread 0x00000207e5b45630 DEOPT PACKING pc=0x00000207f7214640 sp=0x000000088dffbed0
Event: 11.664 Thread 0x00000207e5b45630 DEOPT UNPACKING pc=0x00000207f685a5a3 sp=0x000000088dffbd88 mode 2
Event: 11.664 Thread 0x00000207e5b45630 Uncommon trap: trap_request=0xffffffde fr.pc=0x00000207f71cf008 relative=0x0000000000000ea8
Event: 11.664 Thread 0x00000207e5b45630 Uncommon trap: reason=class_check action=maybe_recompile pc=0x00000207f71cf008 method=com.sun.tools.javac.code.DeferredCompletionFailureHandler.classSymbolCompleteFailed(Lcom/sun/tools/javac/code/Symbol$ClassSymbol;Lcom/sun/tools/javac/code/Symbol$Complet
Event: 11.664 Thread 0x00000207e5b45630 DEOPT PACKING pc=0x00000207f71cf008 sp=0x000000088dffbe30
Event: 11.664 Thread 0x00000207e5b45630 DEOPT UNPACKING pc=0x00000207f685a5a3 sp=0x000000088dffbda8 mode 2
Event: 11.664 Thread 0x00000207e5b45630 Uncommon trap: trap_request=0xffffffde fr.pc=0x00000207f7214640 relative=0x0000000000000e00
Event: 11.664 Thread 0x00000207e5b45630 Uncommon trap: reason=class_check action=maybe_recompile pc=0x00000207f7214640 method=com.sun.tools.javac.code.DeferredCompletionFailureHandler.classSymbolRemoved(Lcom/sun/tools/javac/code/Symbol$ClassSymbol;)V @ 5 c2
Event: 11.664 Thread 0x00000207e5b45630 DEOPT PACKING pc=0x00000207f7214640 sp=0x000000088dffbed0
Event: 11.664 Thread 0x00000207e5b45630 DEOPT UNPACKING pc=0x00000207f685a5a3 sp=0x000000088dffbd88 mode 2
Event: 11.665 Thread 0x00000207e5b45630 Uncommon trap: trap_request=0xffffffde fr.pc=0x00000207f7217ff8 relative=0x0000000000000bd8
Event: 11.665 Thread 0x00000207e5b45630 Uncommon trap: reason=class_check action=maybe_recompile pc=0x00000207f7217ff8 method=com.sun.tools.javac.code.DeferredCompletionFailureHandler.classSymbolRemoved(Lcom/sun/tools/javac/code/Symbol$ClassSymbol;)V @ 5 c2
Event: 11.665 Thread 0x00000207e5b45630 DEOPT PACKING pc=0x00000207f7217ff8 sp=0x000000088dffbe30
Event: 11.665 Thread 0x00000207e5b45630 DEOPT UNPACKING pc=0x00000207f685a5a3 sp=0x000000088dffbd78 mode 2
Event: 11.689 Thread 0x00000207e5b45630 DEOPT PACKING pc=0x00000207f01d288b sp=0x000000088dff8350
Event: 11.690 Thread 0x00000207e5b45630 DEOPT UNPACKING pc=0x00000207f685b0e3 sp=0x000000088dff7888 mode 0
Event: 11.690 Thread 0x00000207e5b45630 DEOPT PACKING pc=0x00000207f023e24e sp=0x000000088dff8310
Event: 11.690 Thread 0x00000207e5b45630 DEOPT UNPACKING pc=0x00000207f685b0e3 sp=0x000000088dff77f8 mode 0

Classes loaded (20 events):
Event: 11.035 Loading class java/util/regex/Pattern$NotBehind
Event: 11.036 Loading class java/util/regex/Pattern$NotBehind done
Event: 11.068 Loading class java/util/Vector$1
Event: 11.068 Loading class java/util/Vector$1 done
Event: 11.073 Loading class java/io/PushbackInputStream
Event: 11.074 Loading class java/io/PushbackInputStream done
Event: 11.277 Loading class java/util/Collections$UnmodifiableSortedSet
Event: 11.277 Loading class java/util/Collections$UnmodifiableSortedSet done
Event: 11.294 Loading class java/util/IdentityHashMap$EntrySet
Event: 11.295 Loading class java/util/IdentityHashMap$EntrySet done
Event: 11.295 Loading class java/util/IdentityHashMap$EntryIterator
Event: 11.295 Loading class java/util/IdentityHashMap$EntryIterator done
Event: 11.295 Loading class java/util/IdentityHashMap$EntryIterator$Entry
Event: 11.296 Loading class java/util/IdentityHashMap$EntryIterator$Entry done
Event: 11.591 Loading class java/util/regex/Pattern$SliceI
Event: 11.591 Loading class java/util/regex/Pattern$SliceI done
Event: 11.594 Loading class java/util/regex/Pattern$Loop
Event: 11.594 Loading class java/util/regex/Pattern$Loop done
Event: 11.594 Loading class java/util/regex/Pattern$Prolog
Event: 11.594 Loading class java/util/regex/Pattern$Prolog done

Classes unloaded (0 events):
No events

Classes redefined (0 events):
No events

Internal exceptions (20 events):
Event: 10.675 Thread 0x00000207e5b45630 Exception <a 'sun/nio/fs/WindowsException'{0x0000000092d83780}> (0x0000000092d83780) 
thrown [s\open\src\hotspot\share\prims\jni.cpp, line 517]
Event: 10.675 Thread 0x00000207e5b45630 Exception <a 'sun/nio/fs/WindowsException'{0x0000000092d83ab0}> (0x0000000092d83ab0) 
thrown [s\open\src\hotspot\share\prims\jni.cpp, line 517]
Event: 10.810 Thread 0x00000207e5b45630 Implicit null exception at 0x00000207f6ef598d to 0x00000207f6ef5e8c
Event: 10.823 Thread 0x00000207e5b45630 Implicit null exception at 0x00000207f6f7f60c to 0x00000207f6f7f810
Event: 11.608 Thread 0x00000207e5b45630 Exception <a 'java/lang/NoSuchMethodError'{0x000000008fbffc80}: 'java.lang.Object java.lang.invoke.DirectMethodHandle$Holder.invokeVirtual(java.lang.Object, java.lang.Object, long)'> (0x000000008fbffc80) 
thrown [s\open\src\hotspot\share\interpreter\linkResolver.cpp, line 774]
Event: 11.610 Thread 0x00000207e5b45630 Exception <a 'java/lang/NoSuchMethodError'{0x000000008fa1db68}: 'java.lang.Object java.lang.invoke.DirectMethodHandle$Holder.invokeVirtual(java.lang.Object, java.lang.Object, java.lang.Object, java.lang.Object, java.lang.Object, java.lang.Object, java.lang.Object, java.lang.Object)'> (0x000000008fa1db68) 
thrown [s\open\src\hotspot\share\interpreter\linkResolver.cpp, line 774]
Event: 11.614 Thread 0x00000207e5b45630 Exception <a 'java/lang/NoSuchMethodError'{0x000000008fa39f00}: 'java.lang.Object java.lang.invoke.DirectMethodHandle$Holder.invokeStatic(java.lang.Object, java.lang.Object, int)'> (0x000000008fa39f00) 
thrown [s\open\src\hotspot\share\interpreter\linkResolver.cpp, line 774]
Event: 11.614 Thread 0x00000207e5b45630 Exception <a 'java/lang/NoSuchMethodError'{0x000000008fa3e6f8}: 'void java.lang.invoke.DirectMethodHandle$Holder.invokeStatic(java.lang.Object, java.lang.Object, int, java.lang.Object)'> (0x000000008fa3e6f8) 
thrown [s\open\src\hotspot\share\interpreter\linkResolver.cpp, line 774]
Event: 11.615 Thread 0x00000207e5b45630 Exception <a 'java/lang/NoSuchMethodError'{0x000000008fa46030}: 'void java.lang.invoke.DelegatingMethodHandle$Holder.delegate(java.lang.Object, java.lang.Object, int, java.lang.Object)'> (0x000000008fa46030) 
thrown [s\open\src\hotspot\share\interpreter\linkResolver.cpp, line 774]
Event: 11.621 Thread 0x00000207e5b45630 Exception <a 'java/lang/NoSuchMethodError'{0x000000008fa63170}: 'void java.lang.invoke.DirectMethodHandle$Holder.invokeInterface(java.lang.Object, java.lang.Object, java.lang.Object, int)'> (0x000000008fa63170) 
thrown [s\open\src\hotspot\share\interpreter\linkResolver.cpp, line 774]
Event: 11.622 Thread 0x00000207e5b45630 Exception <a 'java/lang/NoSuchMethodError'{0x000000008fa6ac98}: 'void java.lang.invoke.DelegatingMethodHandle$Holder.reinvoke_L(java.lang.Object, java.lang.Object, java.lang.Object, int)'> (0x000000008fa6ac98) 
thrown [s\open\src\hotspot\share\interpreter\linkResolver.cpp, line 774]
Event: 11.644 Thread 0x00000207e5b45630 Exception <a 'java/lang/NoSuchMethodError'{0x000000008f953e48}: 'java.lang.Object java.lang.invoke.DirectMethodHandle$Holder.invokeVirtual(java.lang.Object, java.lang.Object, java.lang.Object, java.lang.Object)'> (0x000000008f953e48) 
thrown [s\open\src\hotspot\share\interpreter\linkResolver.cpp, line 774]
Event: 11.659 Thread 0x00000207e5b45630 Exception <a 'java/lang/NoSuchMethodError'{0x000000008f9a3048}: 'java.lang.Object java.lang.invoke.DirectMethodHandle$Holder.invokeVirtual(java.lang.Object, java.lang.Object, java.lang.Object, java.lang.Object, java.lang.Object, java.lang.Object)'> (0x000000008f9a3048) 
thrown [s\open\src\hotspot\share\interpreter\linkResolver.cpp, line 774]
Event: 11.661 Thread 0x00000207e5b45630 Implicit null exception at 0x00000207f6fae54f to 0x00000207f6fae68c
Event: 11.662 Thread 0x00000207e5b45630 Exception <a 'java/lang/NoSuchMethodError'{0x000000008f9c7398}: 'void java.lang.invoke.DirectMethodHandle$Holder.invokeVirtual(java.lang.Object, java.lang.Object, java.lang.Object, java.lang.Object)'> (0x000000008f9c7398) 
thrown [s\open\src\hotspot\share\interpreter\linkResolver.cpp, line 774]
Event: 11.669 Thread 0x00000207e5b45630 Exception <a 'java/lang/NoSuchMethodError'{0x000000008f9f6680}: 'java.lang.Object java.lang.invoke.DirectMethodHandle$Holder.invokeVirtual(java.lang.Object, java.lang.Object, long, java.lang.Object)'> (0x000000008f9f6680) 
thrown [s\open\src\hotspot\share\interpreter\linkResolver.cpp, line 774]
Event: 11.670 Thread 0x00000207e5b45630 Exception <a 'java/lang/NoSuchMethodError'{0x000000008f9fa770}: 'java.lang.Object java.lang.invoke.DirectMethodHandle$Holder.invokeSpecial(java.lang.Object, java.lang.Object, java.lang.Object, long, java.lang.Object)'> (0x000000008f9fa770) 
thrown [s\open\src\hotspot\share\interpreter\linkResolver.cpp, line 774]
Event: 11.670 Thread 0x00000207e5b45630 Exception <a 'java/lang/NoSuchMethodError'{0x000000008f9fe6c0}: 'java.lang.Object java.lang.invoke.DelegatingMethodHandle$Holder.reinvoke_L(java.lang.Object, java.lang.Object, long, java.lang.Object)'> (0x000000008f9fe6c0) 
thrown [s\open\src\hotspot\share\interpreter\linkResolver.cpp, line 774]
Event: 11.671 Thread 0x00000207e5b45630 Exception <a 'java/lang/NoSuchMethodError'{0x000000008f823978}: 'java.lang.Object java.lang.invoke.DirectMethodHandle$Holder.invokeVirtual(java.lang.Object, java.lang.Object, java.lang.Object, java.lang.Object, java.lang.Object, java.lang.Object, java.lang.Object, java.lang.Object, java.lang.Object, java.lang.Object)'> (0x000000008f823978) 
thrown [s\open\src\hotspot\share\interpreter\linkResolver.cpp, line 774]
Event: 11.715 Thread 0x00000207e5b45630 Exception <a 'java/lang/NoSuchMethodError'{0x000000008f603548}: 'java.lang.Object java.lang.invoke.DirectMethodHandle$Holder.invokeVirtual(java.lang.Object, java.lang.Object, java.lang.Object, java.lang.Object, java.lang.Object, java.lang.Object, java.lang.Object)'> (0x000000008f603548) 
thrown [s\open\src\hotspot\share\interpreter\linkResolver.cpp, line 774]

VM Operations (20 events):
Event: 10.589 Executing VM operation: ICBufferFull
Event: 10.589 Executing VM operation: ICBufferFull done
Event: 10.690 Executing VM operation: HandshakeAllThreads
Event: 10.690 Executing VM operation: HandshakeAllThreads done
Event: 10.691 Executing VM operation: HandshakeAllThreads
Event: 10.691 Executing VM operation: HandshakeAllThreads done
Event: 10.733 Executing VM operation: ICBufferFull
Event: 10.734 Executing VM operation: ICBufferFull done
Event: 10.834 Executing VM operation: HandshakeAllThreads
Event: 10.834 Executing VM operation: HandshakeAllThreads done
Event: 11.474 Executing VM operation: HandshakeAllThreads
Event: 11.474 Executing VM operation: HandshakeAllThreads done
Event: 11.493 Executing VM operation: ICBufferFull
Event: 11.493 Executing VM operation: ICBufferFull done
Event: 11.511 Executing VM operation: HandshakeAllThreads
Event: 11.511 Executing VM operation: HandshakeAllThreads done
Event: 11.610 Executing VM operation: HandshakeAllThreads
Event: 11.610 Executing VM operation: HandshakeAllThreads done
Event: 11.705 Executing VM operation: HandshakeAllThreads
Event: 11.705 Executing VM operation: HandshakeAllThreads done

Events (20 events):
Event: 11.625 Thread 0x000002078a408ab0 flushing nmethod 0x00000207f01cdb10
Event: 11.625 Thread 0x000002078a408ab0 flushing nmethod 0x00000207f01cfb90
Event: 11.625 Thread 0x000002078a408ab0 flushing nmethod 0x00000207f01cff90
Event: 11.625 Thread 0x000002078a408ab0 flushing nmethod 0x00000207f01da190
Event: 11.625 Thread 0x000002078a408ab0 flushing nmethod 0x00000207f01dc210
Event: 11.625 Thread 0x000002078a408ab0 flushing nmethod 0x00000207f0200810
Event: 11.625 Thread 0x000002078a408ab0 flushing nmethod 0x00000207f0204890
Event: 11.625 Thread 0x000002078a408ab0 flushing nmethod 0x00000207f0205110
Event: 11.625 Thread 0x000002078a408ab0 flushing nmethod 0x00000207f0207810
Event: 11.625 Thread 0x000002078a408ab0 flushing nmethod 0x00000207f0235110
Event: 11.625 Thread 0x000002078a408ab0 flushing nmethod 0x00000207f0236c90
Event: 11.625 Thread 0x000002078a408ab0 flushing nmethod 0x00000207f023d210
Event: 11.625 Thread 0x000002078a408ab0 flushing nmethod 0x00000207f0240b10
Event: 11.625 Thread 0x000002078a408ab0 flushing nmethod 0x00000207f0242b90
Event: 11.625 Thread 0x000002078a408ab0 flushing nmethod 0x00000207f0243510
Event: 11.625 Thread 0x000002078a408ab0 flushing nmethod 0x00000207f0244a10
Event: 11.625 Thread 0x000002078a408ab0 flushing nmethod 0x00000207f0244f90
Event: 11.625 Thread 0x000002078a408ab0 flushing nmethod 0x00000207f0245b90
Event: 11.625 Thread 0x000002078a408ab0 flushing nmethod 0x00000207f0246e90
Event: 11.625 Thread 0x000002078a408ab0 flushing nmethod 0x00000207f0255290


Dynamic libraries:
0x00007ff6c3ea0000 - 0x00007ff6c3eb0000 	C:\Program Files\Java\jdk-19\bin\java.exe
0x00007ffdcbb50000 - 0x00007ffdcbd48000 	C:\Windows\SYSTEM32\ntdll.dll
0x00007ffdcb650000 - 0x00007ffdcb712000 	C:\Windows\System32\KERNEL32.DLL
0x00007ffdc92f0000 - 0x00007ffdc95e6000 	C:\Windows\System32\KERNELBASE.dll
0x00007ffdc95f0000 - 0x00007ffdc96f0000 	C:\Windows\System32\ucrtbase.dll
0x00007ffd9cc10000 - 0x00007ffd9cc28000 	C:\Program Files\Java\jdk-19\bin\jli.dll
0x00007ffdcb470000 - 0x00007ffdcb521000 	C:\Windows\System32\ADVAPI32.dll
0x00007ffdcb200000 - 0x00007ffdcb29e000 	C:\Windows\System32\msvcrt.dll
0x00007ffdcab60000 - 0x00007ffdcabff000 	C:\Windows\System32\sechost.dll
0x00007ffd9cb10000 - 0x00007ffd9cb2b000 	C:\Program Files\Java\jdk-19\bin\VCRUNTIME140.dll
0x00007ffdcb350000 - 0x00007ffdcb470000 	C:\Windows\System32\RPCRT4.dll
0x00007ffdc9950000 - 0x00007ffdc9977000 	C:\Windows\System32\bcrypt.dll
0x00007ffdcb850000 - 0x00007ffdcb9f1000 	C:\Windows\System32\USER32.dll
0x00007ffdc9980000 - 0x00007ffdc99a2000 	C:\Windows\System32\win32u.dll
0x00007ffdcba00000 - 0x00007ffdcba2b000 	C:\Windows\System32\GDI32.dll
0x00007ffdb4090000 - 0x00007ffdb432b000 	C:\Windows\WinSxS\amd64_microsoft.windows.common-controls_6595b64144ccf1df_6.0.19041.6456_none_60b8a6cb71f64256\COMCTL32.dll
0x00007ffdc9a50000 - 0x00007ffdc9b69000 	C:\Windows\System32\gdi32full.dll
0x00007ffdc99b0000 - 0x00007ffdc9a4d000 	C:\Windows\System32\msvcp_win.dll
0x00007ffdc1be0000 - 0x00007ffdc1bea000 	C:\Windows\SYSTEM32\VERSION.dll
0x00007ffdca0d0000 - 0x00007ffdca0ff000 	C:\Windows\System32\IMM32.DLL
0x00007ffd9cd20000 - 0x00007ffd9cd2c000 	C:\Program Files\Java\jdk-19\bin\vcruntime140_1.dll
0x00007ffd78ae0000 - 0x00007ffd78b6e000 	C:\Program Files\Java\jdk-19\bin\msvcp140.dll
0x00007ffd156f0000 - 0x00007ffd163b0000 	C:\Program Files\Java\jdk-19\bin\server\jvm.dll
0x00007ffd9c8f0000 - 0x00007ffd9c8f9000 	C:\Windows\SYSTEM32\WSOCK32.dll
0x00007ffdcac00000 - 0x00007ffdcac6b000 	C:\Windows\System32\WS2_32.dll
0x00007ffdbcf90000 - 0x00007ffdbcfb7000 	C:\Windows\SYSTEM32\WINMM.dll
0x00007ffdc79f0000 - 0x00007ffdc7a02000 	C:\Windows\SYSTEM32\kernel.appcore.dll
0x00007ffd96670000 - 0x00007ffd9667a000 	C:\Program Files\Java\jdk-19\bin\jimage.dll
0x00007ffdc6d60000 - 0x00007ffdc6f61000 	C:\Windows\SYSTEM32\DBGHELP.DLL
0x00007ffdb09c0000 - 0x00007ffdb09f4000 	C:\Windows\SYSTEM32\dbgcore.DLL
0x00007ffdc9260000 - 0x00007ffdc92e2000 	C:\Windows\System32\bcryptPrimitives.dll
0x00007ffd8f140000 - 0x00007ffd8f166000 	C:\Program Files\Java\jdk-19\bin\java.dll
0x00007ffd56c80000 - 0x00007ffd56d57000 	C:\Program Files\Java\jdk-19\bin\jsvml.dll
0x00007ffdca3f0000 - 0x00007ffdcab60000 	C:\Windows\System32\SHELL32.dll
0x00007ffdc7230000 - 0x00007ffdc79d5000 	C:\Windows\SYSTEM32\windows.storage.dll
0x00007ffdcad50000 - 0x00007ffdcb0a4000 	C:\Windows\System32\combase.dll
0x00007ffdc8c10000 - 0x00007ffdc8c3b000 	C:\Windows\SYSTEM32\Wldp.dll
0x00007ffdca000000 - 0x00007ffdca0cd000 	C:\Windows\System32\OLEAUT32.dll
0x00007ffdca100000 - 0x00007ffdca1ad000 	C:\Windows\System32\SHCORE.dll
0x00007ffdca1b0000 - 0x00007ffdca20b000 	C:\Windows\System32\shlwapi.dll
0x00007ffdc9110000 - 0x00007ffdc9134000 	C:\Windows\SYSTEM32\profapi.dll
0x00007ffd96650000 - 0x00007ffd96663000 	C:\Program Files\Java\jdk-19\bin\net.dll
0x00007ffdc57d0000 - 0x00007ffdc58da000 	C:\Windows\SYSTEM32\WINHTTP.dll
0x00007ffdc8970000 - 0x00007ffdc89da000 	C:\Windows\system32\mswsock.dll
0x00007ffd93410000 - 0x00007ffd93426000 	C:\Program Files\Java\jdk-19\bin\nio.dll
0x00007ffd93330000 - 0x00007ffd93348000 	C:\Program Files\Java\jdk-19\bin\zip.dll
0x00007ffd8ee70000 - 0x00007ffd8ee94000 	C:\Users\dines\.m2\wrapper\dists\apache-maven-3.9.11\03d7e36a140982eea48e22c1dcac01d8862b2550b2939e09a0809bbc5182a5bc\lib\jansi-native\Windows\x86_64\jansi.dll
0x00007ffd96600000 - 0x00007ffd96610000 	C:\Program Files\Java\jdk-19\bin\verify.dll
0x00007ffdc8470000 - 0x00007ffdc84a3000 	C:\Windows\SYSTEM32\ntmarta.dll

dbghelp: loaded successfully - version: 4.0.5 - missing functions: none
symbol engine: initialized successfully - sym options: 0x614 - pdb path: .;C:\Program Files\Java\jdk-19\bin;C:\Windows\SYSTEM32;C:\Windows\WinSxS\amd64_microsoft.windows.common-controls_6595b64144ccf1df_6.0.19041.6456_none_60b8a6cb71f64256;C:\Program Files\Java\jdk-19\bin\server;C:\Users\dines\.m2\wrapper\dists\apache-maven-3.9.11\03d7e36a140982eea48e22c1dcac01d8862b2550b2939e09a0809bbc5182a5bc\lib\jansi-native\Windows\x86_64

VM Arguments:
jvm_args: --enable-native-access=ALL-UNNAMED -Dclassworlds.conf=C:\Users\dines\.m2\wrapper\dists\apache-maven-3.9.11\03d7e36a140982eea48e22c1dcac01d8862b2550b2939e09a0809bbc5182a5bc\bin\m2.conf -Dmaven.home=C:\Users\dines\.m2\wrapper\dists\apache-maven-3.9.11\03d7e36a140982eea48e22c1dcac01d8862b2550b2939e09a0809bbc5182a5bc -Dlibrary.jansi.path=C:\Users\dines\.m2\wrapper\dists\apache-maven-3.9.11\03d7e36a140982eea48e22c1dcac01d8862b2550b2939e09a0809bbc5182a5bc\lib\jansi-native -Dmaven.multiModuleProjectDirectory=D:\OT\otrasFinalBackend-main\production2 
java_command: org.codehaus.plexus.classworlds.launcher.Launcher clean package -DskipTests
java_class_path (initial): C:\Users\dines\.m2\wrapper\dists\apache-maven-3.9.11\03d7e36a140982eea48e22c1dcac01d8862b2550b2939e09a0809bbc5182a5bc\boot\plexus-classworlds-2.9.0.jar
Launcher Type: SUN_STANDARD

[Global flags]
     intx CICompilerCount                          = 4                                         {product} {ergonomic}
     uint ConcGCThreads                            = 2                                         {product} {ergonomic}
     uint G1ConcRefinementThreads                  = 8                                         {product} {ergonomic}
   size_t G1HeapRegionSize                         = 1048576                                   {product} {ergonomic}
    uintx GCDrainStackTargetSize                   = 64                                        {product} {ergonomic}
   size_t InitialHeapSize                          = 130023424                                 {product} {ergonomic}
   size_t MarkStackSize                            = 4194304                                   {product} {ergonomic}
   size_t MaxHeapSize                              = 2078277632                                {product} {ergonomic}
   size_t MaxNewSize                               = 1246756864                                {product} {ergonomic}
   size_t MinHeapDeltaBytes                        = 1048576                                   {product} {ergonomic}
   size_t MinHeapSize                              = 8388608                                   {product} {ergonomic}
    uintx NonNMethodCodeHeapSize                   = 5839372                                {pd product} {ergonomic}
    uintx NonProfiledCodeHeapSize                  = 122909434                              {pd product} {ergonomic}
    uintx ProfiledCodeHeapSize                     = 122909434                              {pd product} {ergonomic}
    uintx ReservedCodeCacheSize                    = 251658240                              {pd product} {ergonomic}
     bool SegmentedCodeCache                       = true                                      {product} {ergonomic}
   size_t SoftMaxHeapSize                          = 2078277632                             {manageable} {ergonomic}
     bool UseCompressedClassPointers               = true                           {product lp64_product} {ergonomic}
     bool UseCompressedOops                        = true                           {product lp64_product} {ergonomic}
     bool UseG1GC                                  = true                                      {product} {ergonomic}
     bool UseLargePagesIndividualAllocation        = false                                  {pd product} {ergonomic}

Logging:
Log output configuration:
 #0: stdout all=warning uptime,level,tags foldmultilines=false
 #1: stderr all=off uptime,level,tags foldmultilines=false

Environment Variables:
PATH=C:\Program Files (x86)\Common Files\Oracle\Java\javapath;C:\Program Files\Common Files\Oracle\Java\javapath;C:\Windows\system32;C:\Windows;C:\Windows\System32\Wbem;C:\Windows\System32\WindowsPowerShell\v1.0\;C:\Windows\System32\OpenSSH\;C:\Program Files\dotnet\;C:\Program Files\MySQL\MySQL Server 8.0\bin;C:\Program Files\Git\cmd;C:\Program Files (x86)\Google\Cloud SDK\google-cloud-sdk\bin;C:\Program Files\MySQL\MySQL Shell 8.0\bin\;C:\Users\dines\AppData\Local\Microsoft\WindowsApps;C:\Program Files\Java\jdk-19;;C:\Users\dines\AppData\Local\Programs\Microsoft VS Code\bin;C:\Program Files\JetBrains\PyCharm Community Edition 2022.2.3\bin;
USERNAME=dines
OS=Windows_NT
PROCESSOR_IDENTIFIER=Intel64 Family 6 Model 140 Stepping 1, GenuineIntel
TMP=C:\Users\dines\AppData\Local\Temp
TEMP=C:\Users\dines\AppData\Local\Temp



---------------  S Y S T E M  ---------------

OS:
 Windows 10 , 64 bit Build 19041 (10.0.19041.5915)
OS uptime: 3 days 22:20 hours

CPU: total 8 (initial active 8) (4 cores per cpu, 2 threads per core) family 6 model 140 stepping 1 microcode 0xbc, cx8, cmov, fxsr, ht, mmx, 3dnowpref, sse, sse2, sse3, ssse3, sse4.1, sse4.2, popcnt, lzcnt, tsc, tscinvbit, avx, avx2, aes, erms, clmul, bmi1, bmi2, adx, avx512f, avx512dq, avx512cd, avx512bw, avx512vl, sha, fma, vzeroupper, avx512_vpopcntdq, avx512_vpclmulqdq, avx512_vaes, avx512_vnni, clflush, clflushopt, clwb, avx512_vbmi2, avx512_vbmi, rdtscp, rdpid, fsrm, gfni, avx512_bitalg

Memory: 4k page, system-wide physical 7926M (639M free)
TotalPageFile size 21344M (AvailPageFile size 5M)
current process WorkingSet (physical memory assigned to process): 375M, peak: 376M
current process commit charge ("private bytes"): 492M, peak: 493M

vm_info: Java HotSpot(TM) 64-Bit Server VM (19.0.1+10-21) for windows-amd64 JRE (19.0.1+10-21), built on 2022-09-14T12:45:06Z by "mach5one" with MS VC++ 17.1 (VS2022)

END.
